

Started GET "/" for 127.0.0.1 at 2012-11-09 21:23:32 +0530
Processing by ProductsController#index as HTML
  Rendered products/index.html.erb within layouts/application (6.4ms)
Completed 200 OK in 65ms (Views: 64.1ms | ActiveRecord: 0.0ms)


Started GET "/" for 127.0.0.1 at 2012-11-09 21:23:44 +0530
Processing by ProductsController#index as HTML
  Rendered products/index.html.erb within layouts/application (0.8ms)
Completed 200 OK in 4ms (Views: 3.5ms | ActiveRecord: 0.0ms)
  [1m[36m (52.0ms)[0m  [1mselect sqlite_version(*)[0m
  [1m[35m (165.8ms)[0m  CREATE TABLE "categories" ("id" INTEGER PRIMARY KEY AUTOINCREMENT NOT NULL, "name" varchar(255), "created_at" datetime NOT NULL, "updated_at" datetime NOT NULL) 
  [1m[36m (157.5ms)[0m  [1mCREATE TABLE "products" ("id" INTEGER PRIMARY KEY AUTOINCREMENT NOT NULL, "name" varchar(255), "price" decimal(10,2), "released_on" date, "category" varchar(255), "created_at" datetime NOT NULL, "updated_at" datetime NOT NULL) [0m
  [1m[35m (166.9ms)[0m  CREATE TABLE "schema_migrations" ("version" varchar(255) NOT NULL) 
  [1m[36m (0.1ms)[0m  [1mPRAGMA index_list("schema_migrations")[0m
  [1m[35m (133.9ms)[0m  CREATE UNIQUE INDEX "unique_schema_migrations" ON "schema_migrations" ("version")
  [1m[36m (0.2ms)[0m  [1mSELECT version FROM "schema_migrations"[0m
  [1m[35m (141.0ms)[0m  INSERT INTO "schema_migrations" (version) VALUES ('20120410182133')
  [1m[36m (0.2ms)[0m  [1mSELECT "schema_migrations"."version" FROM "schema_migrations" [0m
  [1m[35m (0.1ms)[0m  begin transaction
  [1m[36mSQL (25.4ms)[0m  [1mINSERT INTO "products" ("category", "created_at", "name", "price", "released_on", "updated_at") VALUES (?, ?, ?, ?, ?, ?)[0m  [["category", "Toys & Games"], ["created_at", Fri, 09 Nov 2012 15:55:05 UTC +00:00], ["name", "Puzzle set"], ["price", #<BigDecimal:3e12410,'0.2995E2',18(45)>], ["released_on", Fri, 15 Jul 2011], ["updated_at", Fri, 09 Nov 2012 15:55:05 UTC +00:00]]
  [1m[35m (161.2ms)[0m  commit transaction
  [1m[36m (0.1ms)[0m  [1mbegin transaction[0m
  [1m[35mSQL (0.8ms)[0m  INSERT INTO "products" ("category", "created_at", "name", "price", "released_on", "updated_at") VALUES (?, ?, ?, ?, ?, ?)  [["category", "Electronics"], ["created_at", Fri, 09 Nov 2012 15:55:05 UTC +00:00], ["name", "Chimneys"], ["price", #<BigDecimal:428f038,'0.8297E2',18(45)>], ["released_on", Mon, 18 Jul 2011], ["updated_at", Fri, 09 Nov 2012 15:55:05 UTC +00:00]]
  [1m[36m (153.9ms)[0m  [1mcommit transaction[0m
  [1m[35m (0.2ms)[0m  begin transaction
  [1m[36mSQL (0.7ms)[0m  [1mINSERT INTO "products" ("category", "created_at", "name", "price", "released_on", "updated_at") VALUES (?, ?, ?, ?, ?, ?)[0m  [["category", "Clothes"], ["created_at", Fri, 09 Nov 2012 15:55:06 UTC +00:00], ["name", "Otto Red Shirt"], ["price", #<BigDecimal:429e3f8,'0.1249E2',18(45)>], ["released_on", Mon, 25 Jul 2011], ["updated_at", Fri, 09 Nov 2012 15:55:06 UTC +00:00]]
  [1m[35m (147.0ms)[0m  commit transaction
  [1m[36m (0.1ms)[0m  [1mbegin transaction[0m
  [1m[35mSQL (1.5ms)[0m  INSERT INTO "products" ("category", "created_at", "name", "price", "released_on", "updated_at") VALUES (?, ?, ?, ?, ?, ?)  [["category", "Furniture"], ["created_at", Fri, 09 Nov 2012 15:55:06 UTC +00:00], ["name", "King Sofa"], ["price", #<BigDecimal:4190060,'0.39999E3',18(45)>], ["released_on", Wed, 27 Jul 2011], ["updated_at", Fri, 09 Nov 2012 15:55:06 UTC +00:00]]
  [1m[36m (147.1ms)[0m  [1mcommit transaction[0m
  [1m[35m (0.1ms)[0m  begin transaction
  [1m[36mSQL (0.7ms)[0m  [1mINSERT INTO "products" ("category", "created_at", "name", "price", "released_on", "updated_at") VALUES (?, ?, ?, ?, ?, ?)[0m  [["category", "Furniture"], ["created_at", Fri, 09 Nov 2012 15:55:06 UTC +00:00], ["name", "Oak Coffee round Table"], ["price", #<BigDecimal:419e868,'0.22399E3',18(45)>], ["released_on", Thu, 28 Jul 2011], ["updated_at", Fri, 09 Nov 2012 15:55:06 UTC +00:00]]
  [1m[35m (148.0ms)[0m  commit transaction
  [1m[36m (0.1ms)[0m  [1mbegin transaction[0m
  [1m[35mSQL (0.8ms)[0m  INSERT INTO "products" ("category", "created_at", "name", "price", "released_on", "updated_at") VALUES (?, ?, ?, ?, ?, ?)  [["category", "Toys & Games"], ["created_at", Fri, 09 Nov 2012 15:55:06 UTC +00:00], ["name", "Party Chair"], ["price", #<BigDecimal:41ad4a8,'0.2799E2',18(45)>], ["released_on", Thu, 28 Jul 2011], ["updated_at", Fri, 09 Nov 2012 15:55:06 UTC +00:00]]
  [1m[36m (157.4ms)[0m  [1mcommit transaction[0m
  [1m[35m (0.1ms)[0m  begin transaction
  [1m[36mSQL (0.7ms)[0m  [1mINSERT INTO "products" ("category", "created_at", "name", "price", "released_on", "updated_at") VALUES (?, ?, ?, ?, ?, ?)[0m  [["category", "Foods"], ["created_at", Fri, 09 Nov 2012 15:55:06 UTC +00:00], ["name", "Pizza"], ["price", #<BigDecimal:435b0e8,'0.395E1',18(45)>], ["released_on", Fri, 29 Jul 2011], ["updated_at", Fri, 09 Nov 2012 15:55:06 UTC +00:00]]
  [1m[35m (156.3ms)[0m  commit transaction
  [1m[36m (0.1ms)[0m  [1mbegin transaction[0m
  [1m[35mSQL (0.7ms)[0m  INSERT INTO "products" ("category", "created_at", "name", "price", "released_on", "updated_at") VALUES (?, ?, ?, ?, ?, ?)  [["category", "Toys & Games"], ["created_at", Fri, 09 Nov 2012 15:55:06 UTC +00:00], ["name", "Game Console"], ["price", #<BigDecimal:435ed60,'0.29995E3',18(45)>], ["released_on", Tue, 02 Aug 2011], ["updated_at", Fri, 09 Nov 2012 15:55:06 UTC +00:00]]
  [1m[36m (131.3ms)[0m  [1mcommit transaction[0m
  [1m[35m (0.1ms)[0m  begin transaction
  [1m[36mSQL (0.6ms)[0m  [1mINSERT INTO "products" ("category", "created_at", "name", "price", "released_on", "updated_at") VALUES (?, ?, ?, ?, ?, ?)[0m  [["category", "Toys & Games"], ["created_at", Fri, 09 Nov 2012 15:55:07 UTC +00:00], ["name", "Video Game"], ["price", #<BigDecimal:436d748,'0.2995E2',18(45)>], ["released_on", Fri, 05 Aug 2011], ["updated_at", Fri, 09 Nov 2012 15:55:07 UTC +00:00]]
  [1m[35m (139.9ms)[0m  commit transaction
  [1m[36m (0.1ms)[0m  [1mbegin transaction[0m
  [1m[35mSQL (1.8ms)[0m  INSERT INTO "products" ("category", "created_at", "name", "price", "released_on", "updated_at") VALUES (?, ?, ?, ?, ?, ?)  [["category", "Furniture"], ["created_at", Fri, 09 Nov 2012 15:55:07 UTC +00:00], ["name", "Lawn Chair"], ["price", #<BigDecimal:437c658,'0.3499E2',18(45)>], ["released_on", Fri, 05 Aug 2011], ["updated_at", Fri, 09 Nov 2012 15:55:07 UTC +00:00]]
  [1m[36m (138.1ms)[0m  [1mcommit transaction[0m
  [1m[35m (0.1ms)[0m  begin transaction
  [1m[36mSQL (1.2ms)[0m  [1mINSERT INTO "products" ("category", "created_at", "name", "price", "released_on", "updated_at") VALUES (?, ?, ?, ?, ?, ?)[0m  [["category", "Toys & Games"], ["created_at", Fri, 09 Nov 2012 15:55:07 UTC +00:00], ["name", "Dog Toy Bone"], ["price", #<BigDecimal:4204e88,'0.299E1',18(45)>], ["released_on", Mon, 08 Aug 2011], ["updated_at", Fri, 09 Nov 2012 15:55:07 UTC +00:00]]
  [1m[35m (147.4ms)[0m  commit transaction
  [1m[36m (0.1ms)[0m  [1mbegin transaction[0m
  [1m[35mSQL (0.7ms)[0m  INSERT INTO "products" ("category", "created_at", "name", "price", "released_on", "updated_at") VALUES (?, ?, ?, ?, ?, ?)  [["category", "Furniture"], ["created_at", Fri, 09 Nov 2012 15:55:07 UTC +00:00], ["name", "Heated Blanket"], ["price", #<BigDecimal:4213c08,'0.2795E2',18(45)>], ["released_on", Tue, 09 Aug 2011], ["updated_at", Fri, 09 Nov 2012 15:55:07 UTC +00:00]]
  [1m[36m (166.2ms)[0m  [1mcommit transaction[0m
  [1m[35m (0.1ms)[0m  begin transaction
  [1m[36mSQL (0.6ms)[0m  [1mINSERT INTO "products" ("category", "created_at", "name", "price", "released_on", "updated_at") VALUES (?, ?, ?, ?, ?, ?)[0m  [["category", "Electronics"], ["created_at", Fri, 09 Nov 2012 15:55:07 UTC +00:00], ["name", "Flux Capacitor"], ["price", #<BigDecimal:4222780,'0.1955E2',18(45)>], ["released_on", Fri, 12 Aug 2011], ["updated_at", Fri, 09 Nov 2012 15:55:07 UTC +00:00]]
  [1m[35m (139.8ms)[0m  commit transaction
  [1m[36m (0.1ms)[0m  [1mbegin transaction[0m
  [1m[35mSQL (0.7ms)[0m  INSERT INTO "products" ("category", "created_at", "name", "price", "released_on", "updated_at") VALUES (?, ?, ?, ?, ?, ?)  [["category", "Foods"], ["created_at", Fri, 09 Nov 2012 15:55:07 UTC +00:00], ["name", "Chocolate Pie"], ["price", #<BigDecimal:42310f0,'0.314E1',18(45)>], ["released_on", Mon, 14 Mar 2011], ["updated_at", Fri, 09 Nov 2012 15:55:07 UTC +00:00]]
  [1m[36m (147.9ms)[0m  [1mcommit transaction[0m
  [1m[35m (0.1ms)[0m  begin transaction
  [1m[36mSQL (0.7ms)[0m  [1mINSERT INTO "products" ("category", "created_at", "name", "price", "released_on", "updated_at") VALUES (?, ?, ?, ?, ?, ?)[0m  [["category", "Electronics"], ["created_at", Fri, 09 Nov 2012 15:55:07 UTC +00:00], ["name", "Acoustic Guitar"], ["price", #<BigDecimal:4234f48,'0.1025E4',9(45)>], ["released_on", Tue, 23 Aug 2011], ["updated_at", Fri, 09 Nov 2012 15:55:07 UTC +00:00]]
  [1m[35m (148.0ms)[0m  commit transaction
  [1m[36m (0.1ms)[0m  [1mbegin transaction[0m
  [1m[35mSQL (0.7ms)[0m  INSERT INTO "products" ("category", "created_at", "name", "price", "released_on", "updated_at") VALUES (?, ?, ?, ?, ?, ?)  [["category", "Toys & Games"], ["created_at", Fri, 09 Nov 2012 15:55:08 UTC +00:00], ["name", "Model Enterprise"], ["price", #<BigDecimal:42c3608,'0.2799E2',18(45)>], ["released_on", Sat, 27 Aug 2011], ["updated_at", Fri, 09 Nov 2012 15:55:08 UTC +00:00]]
  [1m[36m (164.9ms)[0m  [1mcommit transaction[0m
  [1m[35m (0.1ms)[0m  begin transaction
  [1m[36mSQL (0.7ms)[0m  [1mINSERT INTO "products" ("category", "created_at", "name", "price", "released_on", "updated_at") VALUES (?, ?, ?, ?, ?, ?)[0m  [["category", "Toys & Games"], ["created_at", Fri, 09 Nov 2012 15:55:08 UTC +00:00], ["name", "Agricola"], ["price", #<BigDecimal:42d23d8,'0.4599E2',18(45)>], ["released_on", Sun, 28 Aug 2011], ["updated_at", Fri, 09 Nov 2012 15:55:08 UTC +00:00]]
  [1m[35m (131.6ms)[0m  commit transaction
  [1m[36m (0.1ms)[0m  [1mbegin transaction[0m
  [1m[35mSQL (0.6ms)[0m  INSERT INTO "products" ("category", "created_at", "name", "price", "released_on", "updated_at") VALUES (?, ?, ?, ?, ?, ?)  [["category", "Toys & Games"], ["created_at", Fri, 09 Nov 2012 15:55:08 UTC +00:00], ["name", "Stone Age"], ["price", #<BigDecimal:42e0e38,'0.3499E2',18(45)>], ["released_on", Tue, 30 Aug 2011], ["updated_at", Fri, 09 Nov 2012 15:55:08 UTC +00:00]]
  [1m[36m (133.1ms)[0m  [1mcommit transaction[0m
  [1m[35m (0.1ms)[0m  begin transaction
  [1m[36mSQL (0.7ms)[0m  [1mINSERT INTO "products" ("category", "created_at", "name", "price", "released_on", "updated_at") VALUES (?, ?, ?, ?, ?, ?)[0m  [["category", "Toys & Games"], ["created_at", Fri, 09 Nov 2012 15:55:08 UTC +00:00], ["name", "7 Wonders"], ["price", #<BigDecimal:42ef9b0,'0.2875E2',18(45)>], ["released_on", Sat, 03 Sep 2011], ["updated_at", Fri, 09 Nov 2012 15:55:08 UTC +00:00]]
  [1m[35m (148.2ms)[0m  commit transaction
  [1m[36m (0.1ms)[0m  [1mbegin transaction[0m
  [1m[35mSQL (0.7ms)[0m  INSERT INTO "products" ("category", "created_at", "name", "price", "released_on", "updated_at") VALUES (?, ?, ?, ?, ?, ?)  [["category", "Electronics"], ["created_at", Fri, 09 Nov 2012 15:55:08 UTC +00:00], ["name", "Millennium Falcon"], ["price", #<BigDecimal:43939e8,'0.35972E7',9(45)>], ["released_on", Wed, 07 Sep 2011], ["updated_at", Fri, 09 Nov 2012 15:55:08 UTC +00:00]]
  [1m[36m (148.0ms)[0m  [1mcommit transaction[0m
  [1m[35m (0.1ms)[0m  begin transaction
  [1m[36mSQL (0.7ms)[0m  [1mINSERT INTO "products" ("category", "created_at", "name", "price", "released_on", "updated_at") VALUES (?, ?, ?, ?, ?, ?)[0m  [["category", "Electronics"], ["created_at", Fri, 09 Nov 2012 15:55:08 UTC +00:00], ["name", "Answer to Everything"], ["price", #<BigDecimal:4397930,'0.42E2',9(45)>], ["released_on", Thu, 08 Sep 2011], ["updated_at", Fri, 09 Nov 2012 15:55:08 UTC +00:00]]
  [1m[35m (139.6ms)[0m  commit transaction
  [1m[36m (0.1ms)[0m  [1mbegin transaction[0m
  [1m[35mSQL (0.7ms)[0m  INSERT INTO "products" ("category", "created_at", "name", "price", "released_on", "updated_at") VALUES (?, ?, ?, ?, ?, ?)  [["category", "Toys & Games"], ["created_at", Fri, 09 Nov 2012 15:55:09 UTC +00:00], ["name", "Box Kite"], ["price", #<BigDecimal:43a6340,'0.63E2',9(45)>], ["released_on", Sat, 10 Sep 2011], ["updated_at", Fri, 09 Nov 2012 15:55:09 UTC +00:00]]
  [1m[36m (131.3ms)[0m  [1mcommit transaction[0m
  [1m[35m (0.1ms)[0m  begin transaction
  [1m[36mSQL (0.7ms)[0m  [1mINSERT INTO "products" ("category", "created_at", "name", "price", "released_on", "updated_at") VALUES (?, ?, ?, ?, ?, ?)[0m  [["category", "Toys & Games"], ["created_at", Fri, 09 Nov 2012 15:55:09 UTC +00:00], ["name", "1000 Piece Jigsaw Puzzle"], ["price", #<BigDecimal:43b4f80,'0.1499E2',18(45)>], ["released_on", Sat, 17 Sep 2011], ["updated_at", Fri, 09 Nov 2012 15:55:09 UTC +00:00]]
  [1m[35m (139.5ms)[0m  commit transaction
  [1m[36m (0.1ms)[0m  [1mbegin transaction[0m
  [1m[35mSQL (0.6ms)[0m  INSERT INTO "products" ("category", "created_at", "name", "price", "released_on", "updated_at") VALUES (?, ?, ?, ?, ?, ?)  [["category", "Electronics"], ["created_at", Fri, 09 Nov 2012 15:55:09 UTC +00:00], ["name", "TextMate 2"], ["price", #<BigDecimal:43c3940,'0.75E2',9(45)>], ["released_on", Thu, 22 Sep 2011], ["updated_at", Fri, 09 Nov 2012 15:55:09 UTC +00:00]]
  [1m[36m (158.2ms)[0m  [1mcommit transaction[0m
  [1m[35m (0.1ms)[0m  begin transaction
  [1m[36mSQL (0.7ms)[0m  [1mINSERT INTO "products" ("category", "created_at", "name", "price", "released_on", "updated_at") VALUES (?, ?, ?, ?, ?, ?)[0m  [["category", "Toys & Games"], ["created_at", Fri, 09 Nov 2012 15:55:09 UTC +00:00], ["name", "Rubber Ducky"], ["price", #<BigDecimal:43d2440,'0.475E1',18(45)>], ["released_on", Sun, 25 Sep 2011], ["updated_at", Fri, 09 Nov 2012 15:55:09 UTC +00:00]]
  [1m[35m (164.6ms)[0m  commit transaction
  [1m[36m (0.1ms)[0m  [1mbegin transaction[0m
  [1m[35mSQL (0.7ms)[0m  INSERT INTO "products" ("category", "created_at", "name", "price", "released_on", "updated_at") VALUES (?, ?, ?, ?, ?, ?)  [["category", "Toys & Games"], ["created_at", Fri, 09 Nov 2012 15:55:09 UTC +00:00], ["name", "Unicorn Action Figure"], ["price", #<BigDecimal:43e35b0,'0.875E1',18(45)>], ["released_on", Sun, 25 Sep 2011], ["updated_at", Fri, 09 Nov 2012 15:55:09 UTC +00:00]]
  [1m[36m (148.1ms)[0m  [1mcommit transaction[0m
  [1m[35m (0.1ms)[0m  begin transaction
  [1m[36mSQL (0.7ms)[0m  [1mINSERT INTO "products" ("category", "created_at", "name", "price", "released_on", "updated_at") VALUES (?, ?, ?, ?, ?, ?)[0m  [["category", "Furniture"], ["created_at", Fri, 09 Nov 2012 15:55:09 UTC +00:00], ["name", "Rack Rock"], ["price", #<BigDecimal:43f0620,'0.3249E2',18(45)>], ["released_on", Wed, 28 Sep 2011], ["updated_at", Fri, 09 Nov 2012 15:55:09 UTC +00:00]]
  [1m[35m (148.2ms)[0m  commit transaction
  [1m[36m (0.1ms)[0m  [1mbegin transaction[0m
  [1m[35mSQL (0.7ms)[0m  INSERT INTO "products" ("category", "created_at", "name", "price", "released_on", "updated_at") VALUES (?, ?, ?, ?, ?, ?)  [["category", "Toys & Games"], ["created_at", Fri, 09 Nov 2012 15:55:09 UTC +00:00], ["name", "Train Rails"], ["price", #<BigDecimal:43f46a8,'0.45E2',9(45)>], ["released_on", Sat, 01 Oct 2011], ["updated_at", Fri, 09 Nov 2012 15:55:09 UTC +00:00]]
  [1m[36m (139.7ms)[0m  [1mcommit transaction[0m
  [1m[35m (0.1ms)[0m  begin transaction
  [1m[36mSQL (0.7ms)[0m  [1mINSERT INTO "products" ("category", "created_at", "name", "price", "released_on", "updated_at") VALUES (?, ?, ?, ?, ?, ?)[0m  [["category", "Electronics"], ["created_at", Fri, 09 Nov 2012 15:55:10 UTC +00:00], ["name", "Music Record"], ["price", #<BigDecimal:44034c8,'0.299E1',18(45)>], ["released_on", Tue, 04 Oct 2011], ["updated_at", Fri, 09 Nov 2012 15:55:10 UTC +00:00]]
  [1m[35m (156.3ms)[0m  commit transaction


Started GET "/" for 127.0.0.1 at 2012-11-09 21:29:30 +0530
Processing by ProductsController#index as HTML
  Rendered products/index.html.erb within layouts/application (5.8ms)
Completed 200 OK in 65ms (Views: 63.8ms | ActiveRecord: 0.0ms)


Started GET "/products" for 127.0.0.1 at 2012-11-09 21:30:25 +0530
Processing by ProductsController#index as HTML
  Rendered products/index.html.erb within layouts/application (0.9ms)
Completed 200 OK in 11ms (Views: 10.2ms | ActiveRecord: 0.0ms)


Started GET "/products.json" for 127.0.0.1 at 2012-11-09 21:30:38 +0530
Processing by ProductsController#index as JSON
  [1m[36m (0.2ms)[0m  [1mSELECT COUNT(*) FROM "products" [0m
  [1m[35mCACHE (0.0ms)[0m  SELECT COUNT(*) FROM "products" 
  [1m[36mProduct Load (0.6ms)[0m  [1mSELECT "products".* FROM "products" ORDER BY name asc LIMIT 5 OFFSET 0[0m
Completed 200 OK in 65ms (Views: 52.6ms | ActiveRecord: 7.6ms)


Started GET "/" for 127.0.0.1 at 2012-11-09 21:31:01 +0530
Processing by ProductsController#index as HTML
  Rendered products/index.html.erb within layouts/application (0.8ms)
Completed 200 OK in 7ms (Views: 6.7ms | ActiveRecord: 0.0ms)


Started GET "/" for 127.0.0.1 at 2012-11-09 21:31:28 +0530
Processing by ProductsController#index as HTML
  Rendered products/index.html.erb within layouts/application (0.7ms)
Completed 200 OK in 8ms (Views: 7.0ms | ActiveRecord: 0.0ms)


Started GET "/" for 127.0.0.1 at 2012-11-09 21:31:29 +0530
Processing by ProductsController#index as HTML
  Rendered products/index.html.erb within layouts/application (0.0ms)
Completed 200 OK in 8ms (Views: 7.8ms | ActiveRecord: 0.0ms)


Started GET "/" for 127.0.0.1 at 2012-11-09 21:36:47 +0530
Processing by ProductsController#index as HTML
  Rendered products/index.html.erb within layouts/application (44.1ms)
Completed 200 OK in 65ms (Views: 63.7ms | ActiveRecord: 0.0ms)


Started GET "/" for 127.0.0.1 at 2012-11-09 21:36:55 +0530
Processing by ProductsController#index as HTML
  Rendered products/index.html.erb within layouts/application (0.9ms)
Completed 200 OK in 4ms (Views: 4.0ms | ActiveRecord: 0.0ms)


Started GET "/" for 127.0.0.1 at 2012-11-09 21:37:33 +0530
Processing by ProductsController#index as HTML
  Rendered products/index.html.erb within layouts/application (44.7ms)
Completed 200 OK in 65ms (Views: 64.0ms | ActiveRecord: 0.0ms)


Started GET "/" for 127.0.0.1 at 2012-11-09 21:37:55 +0530
Processing by ProductsController#index as HTML
  Rendered products/index.html.erb within layouts/application (0.9ms)
Completed 200 OK in 4ms (Views: 3.8ms | ActiveRecord: 0.0ms)


Started GET "/" for 127.0.0.1 at 2012-11-09 21:38:05 +0530
Processing by ProductsController#index as HTML
  Rendered products/index.html.erb within layouts/application (0.6ms)
Completed 200 OK in 3ms (Views: 2.9ms | ActiveRecord: 0.0ms)


Started GET "/" for 127.0.0.1 at 2012-11-09 21:42:11 +0530
Processing by ProductsController#index as HTML
  Rendered products/index.html.erb within layouts/application (0.6ms)
Completed 200 OK in 3ms (Views: 3.1ms | ActiveRecord: 0.0ms)


Started GET "/" for 127.0.0.1 at 2012-11-09 21:44:32 +0530
Processing by ProductsController#index as HTML
Completed 500 Internal Server Error in 1ms

RuntimeError (haiiii):
  app/controllers/products_controller.rb:3:in `index'


  Rendered /home/cognizant/.rvm/gems/ruby-1.9.3-p125/gems/actionpack-3.2.3/lib/action_dispatch/middleware/templates/rescues/_trace.erb (4.9ms)
  Rendered /home/cognizant/.rvm/gems/ruby-1.9.3-p125/gems/actionpack-3.2.3/lib/action_dispatch/middleware/templates/rescues/_request_and_response.erb (1.9ms)
  Rendered /home/cognizant/.rvm/gems/ruby-1.9.3-p125/gems/actionpack-3.2.3/lib/action_dispatch/middleware/templates/rescues/diagnostics.erb within rescues/layout (19.0ms)


Started GET "/" for 127.0.0.1 at 2012-11-09 21:47:05 +0530
Processing by ProductsController#index as HTML
  Rendered products/index.html.erb within layouts/application (1.1ms)
Compiled jquery.ui.core.css  (2ms)  (pid 26795)
Compiled jquery.ui.theme.css  (15ms)  (pid 26795)
Compiled dataTables/src/demo_table_jui.css  (0ms)  (pid 26795)
Compiled layout.css  (63ms)  (pid 26795)
Compiled products.css  (3ms)  (pid 26795)
Compiled application.css  (264ms)  (pid 26795)
Compiled jquery.js  (3ms)  (pid 26795)
Compiled jquery_ujs.js  (0ms)  (pid 26795)
Compiled dataTables/jquery.dataTables.js  (4ms)  (pid 26795)
Compiled products.js  (321ms)  (pid 26795)
Compiled application.js  (461ms)  (pid 26795)
Completed 200 OK in 887ms (Views: 885.6ms | ActiveRecord: 0.0ms)


Started GET "/assets/application.css?body=1" for 127.0.0.1 at 2012-11-09 21:47:06 +0530
Served asset /application.css - 200 OK (116ms)


Started GET "/assets/products.css?body=1" for 127.0.0.1 at 2012-11-09 21:47:06 +0530
Served asset /products.css - 200 OK (2ms)


Started GET "/assets/layout.css?body=1" for 127.0.0.1 at 2012-11-09 21:47:06 +0530
Served asset /layout.css - 200 OK (2ms)


Started GET "/assets/dataTables/src/demo_table_jui.css?body=1" for 127.0.0.1 at 2012-11-09 21:47:06 +0530
Served asset /dataTables/src/demo_table_jui.css - 200 OK (6ms)


Started GET "/assets/jquery.ui.theme.css?body=1" for 127.0.0.1 at 2012-11-09 21:47:06 +0530
Served asset /jquery.ui.theme.css - 200 OK (6ms)


Started GET "/assets/jquery.ui.core.css?body=1" for 127.0.0.1 at 2012-11-09 21:47:06 +0530
Served asset /jquery.ui.core.css - 200 OK (5ms)


Started GET "/assets/jquery.js?body=1" for 127.0.0.1 at 2012-11-09 21:47:06 +0530
Served asset /jquery.js - 200 OK (4ms)


Started GET "/assets/jquery_ujs.js?body=1" for 127.0.0.1 at 2012-11-09 21:47:06 +0530
Served asset /jquery_ujs.js - 200 OK (3ms)


Started GET "/assets/dataTables/jquery.dataTables.js?body=1" for 127.0.0.1 at 2012-11-09 21:47:06 +0530
Served asset /dataTables/jquery.dataTables.js - 200 OK (8ms)


Started GET "/assets/products.js?body=1" for 127.0.0.1 at 2012-11-09 21:47:06 +0530
Served asset /products.js - 200 OK (2ms)


Started GET "/assets/application.js?body=1" for 127.0.0.1 at 2012-11-09 21:47:06 +0530
Served asset /application.js - 200 OK (16ms)


Started GET "/assets/jquery-ui/ui-bg_highlight-soft_75_cccccc_1x100.png" for 127.0.0.1 at 2012-11-09 21:47:07 +0530
Served asset /jquery-ui/ui-bg_highlight-soft_75_cccccc_1x100.png - 200 OK (20ms)


Started GET "/assets/jquery-ui/ui-bg_glass_75_e6e6e6_1x400.png" for 127.0.0.1 at 2012-11-09 21:47:07 +0530
Served asset /jquery-ui/ui-bg_glass_75_e6e6e6_1x400.png - 200 OK (19ms)


Started GET "/products.json?sEcho=1&iColumns=4&sColumns=&iDisplayStart=0&iDisplayLength=5&mDataProp_0=0&mDataProp_1=1&mDataProp_2=2&mDataProp_3=3&sSearch=&bRegex=false&sSearch_0=&bRegex_0=false&bSearchable_0=true&sSearch_1=&bRegex_1=false&bSearchable_1=true&sSearch_2=&bRegex_2=false&bSearchable_2=true&sSearch_3=&bRegex_3=false&bSearchable_3=true&iSortingCols=1&iSortCol_0=0&sSortDir_0=asc&bSortable_0=true&bSortable_1=true&bSortable_2=true&bSortable_3=true&_=1352477827328" for 127.0.0.1 at 2012-11-09 21:47:07 +0530
Processing by ProductsController#index as JSON
  Parameters: {"sEcho"=>"1", "iColumns"=>"4", "sColumns"=>"", "iDisplayStart"=>"0", "iDisplayLength"=>"5", "mDataProp_0"=>"0", "mDataProp_1"=>"1", "mDataProp_2"=>"2", "mDataProp_3"=>"3", "sSearch"=>"", "bRegex"=>"false", "sSearch_0"=>"", "bRegex_0"=>"false", "bSearchable_0"=>"true", "sSearch_1"=>"", "bRegex_1"=>"false", "bSearchable_1"=>"true", "sSearch_2"=>"", "bRegex_2"=>"false", "bSearchable_2"=>"true", "sSearch_3"=>"", "bRegex_3"=>"false", "bSearchable_3"=>"true", "iSortingCols"=>"1", "iSortCol_0"=>"0", "sSortDir_0"=>"asc", "bSortable_0"=>"true", "bSortable_1"=>"true", "bSortable_2"=>"true", "bSortable_3"=>"true", "_"=>"1352477827328"}
  [1m[36m (0.2ms)[0m  [1mSELECT COUNT(*) FROM "products" [0m
  [1m[35mCACHE (0.0ms)[0m  SELECT COUNT(*) FROM "products" 
  [1m[36mProduct Load (0.7ms)[0m  [1mSELECT "products".* FROM "products" ORDER BY name asc LIMIT 5 OFFSET 0[0m
Completed 200 OK in 120ms (Views: 95.7ms | ActiveRecord: 16.6ms)


Started GET "/assets/jquery-ui/ui-icons_888888_256x240.png" for 127.0.0.1 at 2012-11-09 21:47:07 +0530
Served asset /jquery-ui/ui-icons_888888_256x240.png - 200 OK (17ms)


Started GET "/products.json?sEcho=2&iColumns=4&sColumns=&iDisplayStart=5&iDisplayLength=5&mDataProp_0=0&mDataProp_1=1&mDataProp_2=2&mDataProp_3=3&sSearch=&bRegex=false&sSearch_0=&bRegex_0=false&bSearchable_0=true&sSearch_1=&bRegex_1=false&bSearchable_1=true&sSearch_2=&bRegex_2=false&bSearchable_2=true&sSearch_3=&bRegex_3=false&bSearchable_3=true&iSortingCols=1&iSortCol_0=0&sSortDir_0=asc&bSortable_0=true&bSortable_1=true&bSortable_2=true&bSortable_3=true&_=1352477830509" for 127.0.0.1 at 2012-11-09 21:47:10 +0530
Processing by ProductsController#index as JSON
  Parameters: {"sEcho"=>"2", "iColumns"=>"4", "sColumns"=>"", "iDisplayStart"=>"5", "iDisplayLength"=>"5", "mDataProp_0"=>"0", "mDataProp_1"=>"1", "mDataProp_2"=>"2", "mDataProp_3"=>"3", "sSearch"=>"", "bRegex"=>"false", "sSearch_0"=>"", "bRegex_0"=>"false", "bSearchable_0"=>"true", "sSearch_1"=>"", "bRegex_1"=>"false", "bSearchable_1"=>"true", "sSearch_2"=>"", "bRegex_2"=>"false", "bSearchable_2"=>"true", "sSearch_3"=>"", "bRegex_3"=>"false", "bSearchable_3"=>"true", "iSortingCols"=>"1", "iSortCol_0"=>"0", "sSortDir_0"=>"asc", "bSortable_0"=>"true", "bSortable_1"=>"true", "bSortable_2"=>"true", "bSortable_3"=>"true", "_"=>"1352477830509"}
  [1m[35m (0.3ms)[0m  SELECT COUNT(*) FROM "products" 
  [1m[36mCACHE (0.0ms)[0m  [1mSELECT COUNT(*) FROM "products" [0m
  [1m[35mProduct Load (0.8ms)[0m  SELECT "products".* FROM "products" ORDER BY name asc LIMIT 5 OFFSET 5
Completed 200 OK in 107ms (Views: 104.8ms | ActiveRecord: 1.1ms)


Started GET "/products.json?sEcho=3&iColumns=4&sColumns=&iDisplayStart=10&iDisplayLength=5&mDataProp_0=0&mDataProp_1=1&mDataProp_2=2&mDataProp_3=3&sSearch=&bRegex=false&sSearch_0=&bRegex_0=false&bSearchable_0=true&sSearch_1=&bRegex_1=false&bSearchable_1=true&sSearch_2=&bRegex_2=false&bSearchable_2=true&sSearch_3=&bRegex_3=false&bSearchable_3=true&iSortingCols=1&iSortCol_0=0&sSortDir_0=asc&bSortable_0=true&bSortable_1=true&bSortable_2=true&bSortable_3=true&_=1352477831715" for 127.0.0.1 at 2012-11-09 21:47:11 +0530
Processing by ProductsController#index as JSON
  Parameters: {"sEcho"=>"3", "iColumns"=>"4", "sColumns"=>"", "iDisplayStart"=>"10", "iDisplayLength"=>"5", "mDataProp_0"=>"0", "mDataProp_1"=>"1", "mDataProp_2"=>"2", "mDataProp_3"=>"3", "sSearch"=>"", "bRegex"=>"false", "sSearch_0"=>"", "bRegex_0"=>"false", "bSearchable_0"=>"true", "sSearch_1"=>"", "bRegex_1"=>"false", "bSearchable_1"=>"true", "sSearch_2"=>"", "bRegex_2"=>"false", "bSearchable_2"=>"true", "sSearch_3"=>"", "bRegex_3"=>"false", "bSearchable_3"=>"true", "iSortingCols"=>"1", "iSortCol_0"=>"0", "sSortDir_0"=>"asc", "bSortable_0"=>"true", "bSortable_1"=>"true", "bSortable_2"=>"true", "bSortable_3"=>"true", "_"=>"1352477831715"}
  [1m[36m (0.3ms)[0m  [1mSELECT COUNT(*) FROM "products" [0m
  [1m[35mCACHE (0.0ms)[0m  SELECT COUNT(*) FROM "products" 
  [1m[36mProduct Load (0.7ms)[0m  [1mSELECT "products".* FROM "products" ORDER BY name asc LIMIT 5 OFFSET 10[0m
Completed 200 OK in 34ms (Views: 32.6ms | ActiveRecord: 1.0ms)


Started GET "/products.json?sEcho=4&iColumns=4&sColumns=&iDisplayStart=15&iDisplayLength=5&mDataProp_0=0&mDataProp_1=1&mDataProp_2=2&mDataProp_3=3&sSearch=&bRegex=false&sSearch_0=&bRegex_0=false&bSearchable_0=true&sSearch_1=&bRegex_1=false&bSearchable_1=true&sSearch_2=&bRegex_2=false&bSearchable_2=true&sSearch_3=&bRegex_3=false&bSearchable_3=true&iSortingCols=1&iSortCol_0=0&sSortDir_0=asc&bSortable_0=true&bSortable_1=true&bSortable_2=true&bSortable_3=true&_=1352477832593" for 127.0.0.1 at 2012-11-09 21:47:12 +0530
Processing by ProductsController#index as JSON
  Parameters: {"sEcho"=>"4", "iColumns"=>"4", "sColumns"=>"", "iDisplayStart"=>"15", "iDisplayLength"=>"5", "mDataProp_0"=>"0", "mDataProp_1"=>"1", "mDataProp_2"=>"2", "mDataProp_3"=>"3", "sSearch"=>"", "bRegex"=>"false", "sSearch_0"=>"", "bRegex_0"=>"false", "bSearchable_0"=>"true", "sSearch_1"=>"", "bRegex_1"=>"false", "bSearchable_1"=>"true", "sSearch_2"=>"", "bRegex_2"=>"false", "bSearchable_2"=>"true", "sSearch_3"=>"", "bRegex_3"=>"false", "bSearchable_3"=>"true", "iSortingCols"=>"1", "iSortCol_0"=>"0", "sSortDir_0"=>"asc", "bSortable_0"=>"true", "bSortable_1"=>"true", "bSortable_2"=>"true", "bSortable_3"=>"true", "_"=>"1352477832593"}
  [1m[35m (0.3ms)[0m  SELECT COUNT(*) FROM "products" 
  [1m[36mCACHE (0.0ms)[0m  [1mSELECT COUNT(*) FROM "products" [0m
  [1m[35mProduct Load (0.6ms)[0m  SELECT "products".* FROM "products" ORDER BY name asc LIMIT 5 OFFSET 15
Completed 200 OK in 14ms (Views: 11.9ms | ActiveRecord: 0.9ms)


Started GET "/products.json?sEcho=5&iColumns=4&sColumns=&iDisplayStart=5&iDisplayLength=5&mDataProp_0=0&mDataProp_1=1&mDataProp_2=2&mDataProp_3=3&sSearch=&bRegex=false&sSearch_0=&bRegex_0=false&bSearchable_0=true&sSearch_1=&bRegex_1=false&bSearchable_1=true&sSearch_2=&bRegex_2=false&bSearchable_2=true&sSearch_3=&bRegex_3=false&bSearchable_3=true&iSortingCols=1&iSortCol_0=0&sSortDir_0=asc&bSortable_0=true&bSortable_1=true&bSortable_2=true&bSortable_3=true&_=1352477833489" for 127.0.0.1 at 2012-11-09 21:47:13 +0530
Processing by ProductsController#index as JSON
  Parameters: {"sEcho"=>"5", "iColumns"=>"4", "sColumns"=>"", "iDisplayStart"=>"5", "iDisplayLength"=>"5", "mDataProp_0"=>"0", "mDataProp_1"=>"1", "mDataProp_2"=>"2", "mDataProp_3"=>"3", "sSearch"=>"", "bRegex"=>"false", "sSearch_0"=>"", "bRegex_0"=>"false", "bSearchable_0"=>"true", "sSearch_1"=>"", "bRegex_1"=>"false", "bSearchable_1"=>"true", "sSearch_2"=>"", "bRegex_2"=>"false", "bSearchable_2"=>"true", "sSearch_3"=>"", "bRegex_3"=>"false", "bSearchable_3"=>"true", "iSortingCols"=>"1", "iSortCol_0"=>"0", "sSortDir_0"=>"asc", "bSortable_0"=>"true", "bSortable_1"=>"true", "bSortable_2"=>"true", "bSortable_3"=>"true", "_"=>"1352477833489"}
  [1m[36m (0.2ms)[0m  [1mSELECT COUNT(*) FROM "products" [0m
  [1m[35mCACHE (0.0ms)[0m  SELECT COUNT(*) FROM "products" 
  [1m[36mProduct Load (0.6ms)[0m  [1mSELECT "products".* FROM "products" ORDER BY name asc LIMIT 5 OFFSET 5[0m
Completed 200 OK in 14ms (Views: 11.8ms | ActiveRecord: 0.9ms)


Started GET "/products/22" for 127.0.0.1 at 2012-11-09 21:47:14 +0530
Processing by ProductsController#show as HTML
  Parameters: {"id"=>"22"}
  [1m[35mProduct Load (4.4ms)[0m  SELECT "products".* FROM "products" WHERE "products"."id" = ? LIMIT 1  [["id", "22"]]
  Rendered products/show.html.erb within layouts/application (56.4ms)
Completed 500 Internal Server Error in 67ms

ActionView::Template::Error (undefined method `name' for "Toys & Games":String):
    12: 
    13: <p>
    14:   <b>Category:</b>
    15:   <%= @product.category.name %>
    16: </p>
    17: 
    18: <%= link_to 'Back', products_path %>
  app/views/products/show.html.erb:15:in `_app_views_products_show_html_erb___319885454971710575_69941030015180'


  Rendered /home/cognizant/.rvm/gems/ruby-1.9.3-p125/gems/actionpack-3.2.3/lib/action_dispatch/middleware/templates/rescues/_trace.erb (19.0ms)
  Rendered /home/cognizant/.rvm/gems/ruby-1.9.3-p125/gems/actionpack-3.2.3/lib/action_dispatch/middleware/templates/rescues/_request_and_response.erb (10.6ms)
  Rendered /home/cognizant/.rvm/gems/ruby-1.9.3-p125/gems/actionpack-3.2.3/lib/action_dispatch/middleware/templates/rescues/template_error.erb within rescues/layout (59.0ms)


Started GET "/products.json?sEcho=1&iColumns=4&sColumns=&iDisplayStart=0&iDisplayLength=5&mDataProp_0=0&mDataProp_1=1&mDataProp_2=2&mDataProp_3=3&sSearch=&bRegex=false&sSearch_0=&bRegex_0=false&bSearchable_0=true&sSearch_1=&bRegex_1=false&bSearchable_1=true&sSearch_2=&bRegex_2=false&bSearchable_2=true&sSearch_3=&bRegex_3=false&bSearchable_3=true&iSortingCols=1&iSortCol_0=0&sSortDir_0=asc&bSortable_0=true&bSortable_1=true&bSortable_2=true&bSortable_3=true&_=1352477878723" for 127.0.0.1 at 2012-11-09 21:47:58 +0530
Processing by ProductsController#index as JSON
  Parameters: {"sEcho"=>"1", "iColumns"=>"4", "sColumns"=>"", "iDisplayStart"=>"0", "iDisplayLength"=>"5", "mDataProp_0"=>"0", "mDataProp_1"=>"1", "mDataProp_2"=>"2", "mDataProp_3"=>"3", "sSearch"=>"", "bRegex"=>"false", "sSearch_0"=>"", "bRegex_0"=>"false", "bSearchable_0"=>"true", "sSearch_1"=>"", "bRegex_1"=>"false", "bSearchable_1"=>"true", "sSearch_2"=>"", "bRegex_2"=>"false", "bSearchable_2"=>"true", "sSearch_3"=>"", "bRegex_3"=>"false", "bSearchable_3"=>"true", "iSortingCols"=>"1", "iSortCol_0"=>"0", "sSortDir_0"=>"asc", "bSortable_0"=>"true", "bSortable_1"=>"true", "bSortable_2"=>"true", "bSortable_3"=>"true", "_"=>"1352477878723"}
  [1m[36m (0.3ms)[0m  [1mSELECT COUNT(*) FROM "products" [0m
  [1m[35mCACHE (0.0ms)[0m  SELECT COUNT(*) FROM "products" 
  [1m[36mProduct Load (0.7ms)[0m  [1mSELECT "products".* FROM "products" ORDER BY name asc LIMIT 5 OFFSET 0[0m
Completed 200 OK in 15ms (Views: 13.3ms | ActiveRecord: 1.0ms)


Started GET "/products/23" for 127.0.0.1 at 2012-11-09 21:48:45 +0530
Processing by ProductsController#show as HTML
  Parameters: {"id"=>"23"}
  [1m[35mProduct Load (0.2ms)[0m  SELECT "products".* FROM "products" WHERE "products"."id" = ? LIMIT 1  [["id", "23"]]
  Rendered products/show.html.erb within layouts/application (1.9ms)
Completed 500 Internal Server Error in 7ms

ActionView::Template::Error (undefined method `name' for "Toys & Games":String):
    12: 
    13: <p>
    14:   <b>Category:</b>
    15:   <%= @product.category.name %>
    16: </p>
    17: 
    18: <%= link_to 'Back', products_path %>
  app/views/products/show.html.erb:15:in `_app_views_products_show_html_erb___319885454971710575_69941030015180'


  Rendered /home/cognizant/.rvm/gems/ruby-1.9.3-p125/gems/actionpack-3.2.3/lib/action_dispatch/middleware/templates/rescues/_trace.erb (6.5ms)
  Rendered /home/cognizant/.rvm/gems/ruby-1.9.3-p125/gems/actionpack-3.2.3/lib/action_dispatch/middleware/templates/rescues/_request_and_response.erb (1.9ms)
  Rendered /home/cognizant/.rvm/gems/ruby-1.9.3-p125/gems/actionpack-3.2.3/lib/action_dispatch/middleware/templates/rescues/template_error.erb within rescues/layout (20.2ms)


Started GET "/products/23" for 127.0.0.1 at 2012-11-09 21:49:44 +0530
Processing by ProductsController#show as HTML
  Parameters: {"id"=>"23"}
  [1m[36mProduct Load (0.2ms)[0m  [1mSELECT "products".* FROM "products" WHERE "products"."id" = ? LIMIT 1[0m  [["id", "23"]]
  Rendered products/show.html.erb within layouts/application (5.0ms)
Completed 500 Internal Server Error in 10ms

ActionView::Template::Error (--- !ruby/object:Product
attributes:
  !binary "aWQ=": 23
  !binary "bmFtZQ==": 1000 Piece Jigsaw Puzzle
  !binary "cHJpY2U=": 14.99
  !binary "cmVsZWFzZWRfb24=": 2011-09-17
  !binary "Y2F0ZWdvcnk=": Toys & Games
  !binary "Y3JlYXRlZF9hdA==": 2012-11-09 15:55:09.135748000 Z
  !binary "dXBkYXRlZF9hdA==": 2012-11-09 15:55:09.135748000 Z
):
    1: <% raise @product.to_yaml %>
    2: <h1><%= @product.name %></h1>
    3: 
    4: <p>
  app/views/products/show.html.erb:1:in `_app_views_products_show_html_erb___319885454971710575_69941029801580'


  Rendered /home/cognizant/.rvm/gems/ruby-1.9.3-p125/gems/actionpack-3.2.3/lib/action_dispatch/middleware/templates/rescues/_trace.erb (6.4ms)
  Rendered /home/cognizant/.rvm/gems/ruby-1.9.3-p125/gems/actionpack-3.2.3/lib/action_dispatch/middleware/templates/rescues/_request_and_response.erb (2.1ms)
  Rendered /home/cognizant/.rvm/gems/ruby-1.9.3-p125/gems/actionpack-3.2.3/lib/action_dispatch/middleware/templates/rescues/template_error.erb within rescues/layout (20.5ms)


Started GET "/products.json?sEcho=1&iColumns=4&sColumns=&iDisplayStart=0&iDisplayLength=5&mDataProp_0=0&mDataProp_1=1&mDataProp_2=2&mDataProp_3=3&sSearch=&bRegex=false&sSearch_0=&bRegex_0=false&bSearchable_0=true&sSearch_1=&bRegex_1=false&bSearchable_1=true&sSearch_2=&bRegex_2=false&bSearchable_2=true&sSearch_3=&bRegex_3=false&bSearchable_3=true&iSortingCols=1&iSortCol_0=0&sSortDir_0=asc&bSortable_0=true&bSortable_1=true&bSortable_2=true&bSortable_3=true&_=1352478025001" for 127.0.0.1 at 2012-11-09 21:50:25 +0530
Processing by ProductsController#index as JSON
  Parameters: {"sEcho"=>"1", "iColumns"=>"4", "sColumns"=>"", "iDisplayStart"=>"0", "iDisplayLength"=>"5", "mDataProp_0"=>"0", "mDataProp_1"=>"1", "mDataProp_2"=>"2", "mDataProp_3"=>"3", "sSearch"=>"", "bRegex"=>"false", "sSearch_0"=>"", "bRegex_0"=>"false", "bSearchable_0"=>"true", "sSearch_1"=>"", "bRegex_1"=>"false", "bSearchable_1"=>"true", "sSearch_2"=>"", "bRegex_2"=>"false", "bSearchable_2"=>"true", "sSearch_3"=>"", "bRegex_3"=>"false", "bSearchable_3"=>"true", "iSortingCols"=>"1", "iSortCol_0"=>"0", "sSortDir_0"=>"asc", "bSortable_0"=>"true", "bSortable_1"=>"true", "bSortable_2"=>"true", "bSortable_3"=>"true", "_"=>"1352478025001"}
  [1m[35m (0.3ms)[0m  SELECT COUNT(*) FROM "products" 
  [1m[36mCACHE (0.0ms)[0m  [1mSELECT COUNT(*) FROM "products" [0m
  [1m[35mProduct Load (0.6ms)[0m  SELECT "products".* FROM "products" ORDER BY name asc LIMIT 5 OFFSET 0
Completed 200 OK in 38ms (Views: 35.7ms | ActiveRecord: 0.9ms)


Started GET "/products.json?sEcho=2&iColumns=4&sColumns=&iDisplayStart=5&iDisplayLength=5&mDataProp_0=0&mDataProp_1=1&mDataProp_2=2&mDataProp_3=3&sSearch=&bRegex=false&sSearch_0=&bRegex_0=false&bSearchable_0=true&sSearch_1=&bRegex_1=false&bSearchable_1=true&sSearch_2=&bRegex_2=false&bSearchable_2=true&sSearch_3=&bRegex_3=false&bSearchable_3=true&iSortingCols=1&iSortCol_0=0&sSortDir_0=asc&bSortable_0=true&bSortable_1=true&bSortable_2=true&bSortable_3=true&_=1352478032630" for 127.0.0.1 at 2012-11-09 21:50:32 +0530
Processing by ProductsController#index as JSON
  Parameters: {"sEcho"=>"2", "iColumns"=>"4", "sColumns"=>"", "iDisplayStart"=>"5", "iDisplayLength"=>"5", "mDataProp_0"=>"0", "mDataProp_1"=>"1", "mDataProp_2"=>"2", "mDataProp_3"=>"3", "sSearch"=>"", "bRegex"=>"false", "sSearch_0"=>"", "bRegex_0"=>"false", "bSearchable_0"=>"true", "sSearch_1"=>"", "bRegex_1"=>"false", "bSearchable_1"=>"true", "sSearch_2"=>"", "bRegex_2"=>"false", "bSearchable_2"=>"true", "sSearch_3"=>"", "bRegex_3"=>"false", "bSearchable_3"=>"true", "iSortingCols"=>"1", "iSortCol_0"=>"0", "sSortDir_0"=>"asc", "bSortable_0"=>"true", "bSortable_1"=>"true", "bSortable_2"=>"true", "bSortable_3"=>"true", "_"=>"1352478032630"}
  [1m[36m (0.2ms)[0m  [1mSELECT COUNT(*) FROM "products" [0m
  [1m[35mCACHE (0.0ms)[0m  SELECT COUNT(*) FROM "products" 
  [1m[36mProduct Load (0.7ms)[0m  [1mSELECT "products".* FROM "products" ORDER BY name asc LIMIT 5 OFFSET 5[0m
Completed 200 OK in 14ms (Views: 12.4ms | ActiveRecord: 1.0ms)


Started GET "/products.json?sEcho=3&iColumns=4&sColumns=&iDisplayStart=0&iDisplayLength=5&mDataProp_0=0&mDataProp_1=1&mDataProp_2=2&mDataProp_3=3&sSearch=&bRegex=false&sSearch_0=&bRegex_0=false&bSearchable_0=true&sSearch_1=&bRegex_1=false&bSearchable_1=true&sSearch_2=&bRegex_2=false&bSearchable_2=true&sSearch_3=&bRegex_3=false&bSearchable_3=true&iSortingCols=1&iSortCol_0=0&sSortDir_0=asc&bSortable_0=true&bSortable_1=true&bSortable_2=true&bSortable_3=true&_=1352478033417" for 127.0.0.1 at 2012-11-09 21:50:33 +0530
Processing by ProductsController#index as JSON
  Parameters: {"sEcho"=>"3", "iColumns"=>"4", "sColumns"=>"", "iDisplayStart"=>"0", "iDisplayLength"=>"5", "mDataProp_0"=>"0", "mDataProp_1"=>"1", "mDataProp_2"=>"2", "mDataProp_3"=>"3", "sSearch"=>"", "bRegex"=>"false", "sSearch_0"=>"", "bRegex_0"=>"false", "bSearchable_0"=>"true", "sSearch_1"=>"", "bRegex_1"=>"false", "bSearchable_1"=>"true", "sSearch_2"=>"", "bRegex_2"=>"false", "bSearchable_2"=>"true", "sSearch_3"=>"", "bRegex_3"=>"false", "bSearchable_3"=>"true", "iSortingCols"=>"1", "iSortCol_0"=>"0", "sSortDir_0"=>"asc", "bSortable_0"=>"true", "bSortable_1"=>"true", "bSortable_2"=>"true", "bSortable_3"=>"true", "_"=>"1352478033417"}
  [1m[35m (0.2ms)[0m  SELECT COUNT(*) FROM "products" 
  [1m[36mCACHE (0.0ms)[0m  [1mSELECT COUNT(*) FROM "products" [0m
  [1m[35mProduct Load (0.6ms)[0m  SELECT "products".* FROM "products" ORDER BY name asc LIMIT 5 OFFSET 0
Completed 200 OK in 14ms (Views: 12.7ms | ActiveRecord: 0.8ms)


Started GET "/products.json?sEcho=4&iColumns=4&sColumns=&iDisplayStart=0&iDisplayLength=50&mDataProp_0=0&mDataProp_1=1&mDataProp_2=2&mDataProp_3=3&sSearch=&bRegex=false&sSearch_0=&bRegex_0=false&bSearchable_0=true&sSearch_1=&bRegex_1=false&bSearchable_1=true&sSearch_2=&bRegex_2=false&bSearchable_2=true&sSearch_3=&bRegex_3=false&bSearchable_3=true&iSortingCols=1&iSortCol_0=0&sSortDir_0=asc&bSortable_0=true&bSortable_1=true&bSortable_2=true&bSortable_3=true&_=1352478227107" for 127.0.0.1 at 2012-11-09 21:53:47 +0530
Processing by ProductsController#index as JSON
  Parameters: {"sEcho"=>"4", "iColumns"=>"4", "sColumns"=>"", "iDisplayStart"=>"0", "iDisplayLength"=>"50", "mDataProp_0"=>"0", "mDataProp_1"=>"1", "mDataProp_2"=>"2", "mDataProp_3"=>"3", "sSearch"=>"", "bRegex"=>"false", "sSearch_0"=>"", "bRegex_0"=>"false", "bSearchable_0"=>"true", "sSearch_1"=>"", "bRegex_1"=>"false", "bSearchable_1"=>"true", "sSearch_2"=>"", "bRegex_2"=>"false", "bSearchable_2"=>"true", "sSearch_3"=>"", "bRegex_3"=>"false", "bSearchable_3"=>"true", "iSortingCols"=>"1", "iSortCol_0"=>"0", "sSortDir_0"=>"asc", "bSortable_0"=>"true", "bSortable_1"=>"true", "bSortable_2"=>"true", "bSortable_3"=>"true", "_"=>"1352478227107"}
  [1m[36m (0.2ms)[0m  [1mSELECT COUNT(*) FROM "products" [0m
  [1m[35mCACHE (0.0ms)[0m  SELECT COUNT(*) FROM "products" 
  [1m[36mProduct Load (0.9ms)[0m  [1mSELECT "products".* FROM "products" ORDER BY name asc LIMIT 50 OFFSET 0[0m
Completed 200 OK in 40ms (Views: 38.3ms | ActiveRecord: 1.1ms)


Started GET "/products.json?sEcho=5&iColumns=4&sColumns=&iDisplayStart=0&iDisplayLength=25&mDataProp_0=0&mDataProp_1=1&mDataProp_2=2&mDataProp_3=3&sSearch=&bRegex=false&sSearch_0=&bRegex_0=false&bSearchable_0=true&sSearch_1=&bRegex_1=false&bSearchable_1=true&sSearch_2=&bRegex_2=false&bSearchable_2=true&sSearch_3=&bRegex_3=false&bSearchable_3=true&iSortingCols=1&iSortCol_0=0&sSortDir_0=asc&bSortable_0=true&bSortable_1=true&bSortable_2=true&bSortable_3=true&_=1352478229409" for 127.0.0.1 at 2012-11-09 21:53:49 +0530
Processing by ProductsController#index as JSON
  Parameters: {"sEcho"=>"5", "iColumns"=>"4", "sColumns"=>"", "iDisplayStart"=>"0", "iDisplayLength"=>"25", "mDataProp_0"=>"0", "mDataProp_1"=>"1", "mDataProp_2"=>"2", "mDataProp_3"=>"3", "sSearch"=>"", "bRegex"=>"false", "sSearch_0"=>"", "bRegex_0"=>"false", "bSearchable_0"=>"true", "sSearch_1"=>"", "bRegex_1"=>"false", "bSearchable_1"=>"true", "sSearch_2"=>"", "bRegex_2"=>"false", "bSearchable_2"=>"true", "sSearch_3"=>"", "bRegex_3"=>"false", "bSearchable_3"=>"true", "iSortingCols"=>"1", "iSortCol_0"=>"0", "sSortDir_0"=>"asc", "bSortable_0"=>"true", "bSortable_1"=>"true", "bSortable_2"=>"true", "bSortable_3"=>"true", "_"=>"1352478229409"}
  [1m[35m (0.3ms)[0m  SELECT COUNT(*) FROM "products" 
  [1m[36mCACHE (0.0ms)[0m  [1mSELECT COUNT(*) FROM "products" [0m
  [1m[35mProduct Load (0.9ms)[0m  SELECT "products".* FROM "products" ORDER BY name asc LIMIT 25 OFFSET 0
Completed 200 OK in 40ms (Views: 37.7ms | ActiveRecord: 1.1ms)


Started GET "/products.json?sEcho=6&iColumns=4&sColumns=&iDisplayStart=0&iDisplayLength=100&mDataProp_0=0&mDataProp_1=1&mDataProp_2=2&mDataProp_3=3&sSearch=&bRegex=false&sSearch_0=&bRegex_0=false&bSearchable_0=true&sSearch_1=&bRegex_1=false&bSearchable_1=true&sSearch_2=&bRegex_2=false&bSearchable_2=true&sSearch_3=&bRegex_3=false&bSearchable_3=true&iSortingCols=1&iSortCol_0=0&sSortDir_0=asc&bSortable_0=true&bSortable_1=true&bSortable_2=true&bSortable_3=true&_=1352478233655" for 127.0.0.1 at 2012-11-09 21:53:53 +0530
Processing by ProductsController#index as JSON
  Parameters: {"sEcho"=>"6", "iColumns"=>"4", "sColumns"=>"", "iDisplayStart"=>"0", "iDisplayLength"=>"100", "mDataProp_0"=>"0", "mDataProp_1"=>"1", "mDataProp_2"=>"2", "mDataProp_3"=>"3", "sSearch"=>"", "bRegex"=>"false", "sSearch_0"=>"", "bRegex_0"=>"false", "bSearchable_0"=>"true", "sSearch_1"=>"", "bRegex_1"=>"false", "bSearchable_1"=>"true", "sSearch_2"=>"", "bRegex_2"=>"false", "bSearchable_2"=>"true", "sSearch_3"=>"", "bRegex_3"=>"false", "bSearchable_3"=>"true", "iSortingCols"=>"1", "iSortCol_0"=>"0", "sSortDir_0"=>"asc", "bSortable_0"=>"true", "bSortable_1"=>"true", "bSortable_2"=>"true", "bSortable_3"=>"true", "_"=>"1352478233655"}
  [1m[36m (0.2ms)[0m  [1mSELECT COUNT(*) FROM "products" [0m
  [1m[35mCACHE (0.0ms)[0m  SELECT COUNT(*) FROM "products" 
  [1m[36mProduct Load (1.0ms)[0m  [1mSELECT "products".* FROM "products" ORDER BY name asc LIMIT 100 OFFSET 0[0m
Completed 200 OK in 102ms (Views: 99.6ms | ActiveRecord: 1.2ms)


Started GET "/products.json?sEcho=7&iColumns=4&sColumns=&iDisplayStart=0&iDisplayLength=25&mDataProp_0=0&mDataProp_1=1&mDataProp_2=2&mDataProp_3=3&sSearch=&bRegex=false&sSearch_0=&bRegex_0=false&bSearchable_0=true&sSearch_1=&bRegex_1=false&bSearchable_1=true&sSearch_2=&bRegex_2=false&bSearchable_2=true&sSearch_3=&bRegex_3=false&bSearchable_3=true&iSortingCols=1&iSortCol_0=0&sSortDir_0=asc&bSortable_0=true&bSortable_1=true&bSortable_2=true&bSortable_3=true&_=1352478241319" for 127.0.0.1 at 2012-11-09 21:54:01 +0530
Processing by ProductsController#index as JSON
  Parameters: {"sEcho"=>"7", "iColumns"=>"4", "sColumns"=>"", "iDisplayStart"=>"0", "iDisplayLength"=>"25", "mDataProp_0"=>"0", "mDataProp_1"=>"1", "mDataProp_2"=>"2", "mDataProp_3"=>"3", "sSearch"=>"", "bRegex"=>"false", "sSearch_0"=>"", "bRegex_0"=>"false", "bSearchable_0"=>"true", "sSearch_1"=>"", "bRegex_1"=>"false", "bSearchable_1"=>"true", "sSearch_2"=>"", "bRegex_2"=>"false", "bSearchable_2"=>"true", "sSearch_3"=>"", "bRegex_3"=>"false", "bSearchable_3"=>"true", "iSortingCols"=>"1", "iSortCol_0"=>"0", "sSortDir_0"=>"asc", "bSortable_0"=>"true", "bSortable_1"=>"true", "bSortable_2"=>"true", "bSortable_3"=>"true", "_"=>"1352478241319"}
  [1m[35m (0.3ms)[0m  SELECT COUNT(*) FROM "products" 
  [1m[36mCACHE (0.0ms)[0m  [1mSELECT COUNT(*) FROM "products" [0m
  [1m[35mProduct Load (0.8ms)[0m  SELECT "products".* FROM "products" ORDER BY name asc LIMIT 25 OFFSET 0
Completed 200 OK in 37ms (Views: 34.9ms | ActiveRecord: 1.1ms)


Started GET "/products.json?sEcho=8&iColumns=4&sColumns=&iDisplayStart=0&iDisplayLength=50&mDataProp_0=0&mDataProp_1=1&mDataProp_2=2&mDataProp_3=3&sSearch=&bRegex=false&sSearch_0=&bRegex_0=false&bSearchable_0=true&sSearch_1=&bRegex_1=false&bSearchable_1=true&sSearch_2=&bRegex_2=false&bSearchable_2=true&sSearch_3=&bRegex_3=false&bSearchable_3=true&iSortingCols=1&iSortCol_0=0&sSortDir_0=asc&bSortable_0=true&bSortable_1=true&bSortable_2=true&bSortable_3=true&_=1352478242656" for 127.0.0.1 at 2012-11-09 21:54:02 +0530
Processing by ProductsController#index as JSON
  Parameters: {"sEcho"=>"8", "iColumns"=>"4", "sColumns"=>"", "iDisplayStart"=>"0", "iDisplayLength"=>"50", "mDataProp_0"=>"0", "mDataProp_1"=>"1", "mDataProp_2"=>"2", "mDataProp_3"=>"3", "sSearch"=>"", "bRegex"=>"false", "sSearch_0"=>"", "bRegex_0"=>"false", "bSearchable_0"=>"true", "sSearch_1"=>"", "bRegex_1"=>"false", "bSearchable_1"=>"true", "sSearch_2"=>"", "bRegex_2"=>"false", "bSearchable_2"=>"true", "sSearch_3"=>"", "bRegex_3"=>"false", "bSearchable_3"=>"true", "iSortingCols"=>"1", "iSortCol_0"=>"0", "sSortDir_0"=>"asc", "bSortable_0"=>"true", "bSortable_1"=>"true", "bSortable_2"=>"true", "bSortable_3"=>"true", "_"=>"1352478242656"}
  [1m[36m (0.2ms)[0m  [1mSELECT COUNT(*) FROM "products" [0m
  [1m[35mCACHE (0.0ms)[0m  SELECT COUNT(*) FROM "products" 
  [1m[36mProduct Load (1.0ms)[0m  [1mSELECT "products".* FROM "products" ORDER BY name asc LIMIT 50 OFFSET 0[0m
Completed 200 OK in 94ms (Views: 91.4ms | ActiveRecord: 1.2ms)


Started GET "/products.json?sEcho=9&iColumns=4&sColumns=&iDisplayStart=0&iDisplayLength=10&mDataProp_0=0&mDataProp_1=1&mDataProp_2=2&mDataProp_3=3&sSearch=&bRegex=false&sSearch_0=&bRegex_0=false&bSearchable_0=true&sSearch_1=&bRegex_1=false&bSearchable_1=true&sSearch_2=&bRegex_2=false&bSearchable_2=true&sSearch_3=&bRegex_3=false&bSearchable_3=true&iSortingCols=1&iSortCol_0=0&sSortDir_0=asc&bSortable_0=true&bSortable_1=true&bSortable_2=true&bSortable_3=true&_=1352478244073" for 127.0.0.1 at 2012-11-09 21:54:04 +0530
Processing by ProductsController#index as JSON
  Parameters: {"sEcho"=>"9", "iColumns"=>"4", "sColumns"=>"", "iDisplayStart"=>"0", "iDisplayLength"=>"10", "mDataProp_0"=>"0", "mDataProp_1"=>"1", "mDataProp_2"=>"2", "mDataProp_3"=>"3", "sSearch"=>"", "bRegex"=>"false", "sSearch_0"=>"", "bRegex_0"=>"false", "bSearchable_0"=>"true", "sSearch_1"=>"", "bRegex_1"=>"false", "bSearchable_1"=>"true", "sSearch_2"=>"", "bRegex_2"=>"false", "bSearchable_2"=>"true", "sSearch_3"=>"", "bRegex_3"=>"false", "bSearchable_3"=>"true", "iSortingCols"=>"1", "iSortCol_0"=>"0", "sSortDir_0"=>"asc", "bSortable_0"=>"true", "bSortable_1"=>"true", "bSortable_2"=>"true", "bSortable_3"=>"true", "_"=>"1352478244073"}
  [1m[35m (0.3ms)[0m  SELECT COUNT(*) FROM "products" 
  [1m[36mCACHE (0.0ms)[0m  [1mSELECT COUNT(*) FROM "products" [0m
  [1m[35mProduct Load (0.7ms)[0m  SELECT "products".* FROM "products" ORDER BY name asc LIMIT 10 OFFSET 0
Completed 200 OK in 29ms (Views: 27.4ms | ActiveRecord: 1.0ms)


Started GET "/products.json?sEcho=10&iColumns=4&sColumns=&iDisplayStart=20&iDisplayLength=10&mDataProp_0=0&mDataProp_1=1&mDataProp_2=2&mDataProp_3=3&sSearch=&bRegex=false&sSearch_0=&bRegex_0=false&bSearchable_0=true&sSearch_1=&bRegex_1=false&bSearchable_1=true&sSearch_2=&bRegex_2=false&bSearchable_2=true&sSearch_3=&bRegex_3=false&bSearchable_3=true&iSortingCols=1&iSortCol_0=0&sSortDir_0=asc&bSortable_0=true&bSortable_1=true&bSortable_2=true&bSortable_3=true&_=1352478247817" for 127.0.0.1 at 2012-11-09 21:54:07 +0530
Processing by ProductsController#index as JSON
  Parameters: {"sEcho"=>"10", "iColumns"=>"4", "sColumns"=>"", "iDisplayStart"=>"20", "iDisplayLength"=>"10", "mDataProp_0"=>"0", "mDataProp_1"=>"1", "mDataProp_2"=>"2", "mDataProp_3"=>"3", "sSearch"=>"", "bRegex"=>"false", "sSearch_0"=>"", "bRegex_0"=>"false", "bSearchable_0"=>"true", "sSearch_1"=>"", "bRegex_1"=>"false", "bSearchable_1"=>"true", "sSearch_2"=>"", "bRegex_2"=>"false", "bSearchable_2"=>"true", "sSearch_3"=>"", "bRegex_3"=>"false", "bSearchable_3"=>"true", "iSortingCols"=>"1", "iSortCol_0"=>"0", "sSortDir_0"=>"asc", "bSortable_0"=>"true", "bSortable_1"=>"true", "bSortable_2"=>"true", "bSortable_3"=>"true", "_"=>"1352478247817"}
  [1m[36m (0.2ms)[0m  [1mSELECT COUNT(*) FROM "products" [0m
  [1m[35mCACHE (0.0ms)[0m  SELECT COUNT(*) FROM "products" 
  [1m[36mProduct Load (0.8ms)[0m  [1mSELECT "products".* FROM "products" ORDER BY name asc LIMIT 10 OFFSET 20[0m
Completed 200 OK in 40ms (Views: 38.0ms | ActiveRecord: 1.1ms)


Started GET "/products/1" for 127.0.0.1 at 2012-11-09 21:55:19 +0530
Processing by ProductsController#show as HTML
  Parameters: {"id"=>"1"}
  [1m[35mProduct Load (0.2ms)[0m  SELECT "products".* FROM "products" WHERE "products"."id" = ? LIMIT 1  [["id", "1"]]
  Rendered products/show.html.erb within layouts/application (4.7ms)
Completed 500 Internal Server Error in 18ms

ActionView::Template::Error (exception class/object expected):
    1: <% raise @product.methods.sort %>
    2: <h1><%= @product.name %></h1>
    3: 
    4: <p>
  app/views/products/show.html.erb:1:in `raise'
  app/views/products/show.html.erb:1:in `_app_views_products_show_html_erb___319885454971710575_69940894279040'


  Rendered /home/cognizant/.rvm/gems/ruby-1.9.3-p125/gems/actionpack-3.2.3/lib/action_dispatch/middleware/templates/rescues/_trace.erb (6.6ms)
  Rendered /home/cognizant/.rvm/gems/ruby-1.9.3-p125/gems/actionpack-3.2.3/lib/action_dispatch/middleware/templates/rescues/_request_and_response.erb (2.2ms)
  Rendered /home/cognizant/.rvm/gems/ruby-1.9.3-p125/gems/actionpack-3.2.3/lib/action_dispatch/middleware/templates/rescues/template_error.erb within rescues/layout (20.7ms)


Started GET "/products/1" for 127.0.0.1 at 2012-11-09 21:55:29 +0530
Processing by ProductsController#show as HTML
  Parameters: {"id"=>"1"}
  [1m[36mProduct Load (0.3ms)[0m  [1mSELECT "products".* FROM "products" WHERE "products"."id" = ? LIMIT 1[0m  [["id", "1"]]
  Rendered products/show.html.erb within layouts/application (28.9ms)
Completed 500 Internal Server Error in 34ms

ActionView::Template::Error ([:!, :!=, :!~, :<=>, :==, :===, :=~, :[], :[]=, :__id__, :__send__, :_accessible_attributes, :_accessible_attributes=, :_accessible_attributes?, :_active_authorizer, :_active_authorizer=, :_active_authorizer?, :_attr_readonly, :_attr_readonly?, :_attribute, :_commit_callbacks, :_commit_callbacks=, :_commit_callbacks?, :_create_callbacks, :_create_callbacks=, :_create_callbacks?, :_destroy, :_destroy_callbacks, :_destroy_callbacks=, :_destroy_callbacks?, :_find_callbacks, :_find_callbacks=, :_find_callbacks?, :_initialize_callbacks, :_initialize_callbacks=, :_initialize_callbacks?, :_mass_assignment_sanitizer, :_mass_assignment_sanitizer=, :_mass_assignment_sanitizer?, :_protected_attributes, :_protected_attributes=, :_protected_attributes?, :_rollback_callbacks, :_rollback_callbacks=, :_rollback_callbacks?, :_run__2788675876228822254__find__3620681687585006813__callbacks, :_run__2788675876228822254__initialize__3620681687585006813__callbacks, :_save_callbacks, :_save_callbacks=, :_save_callbacks?, :_touch_callbacks, :_touch_callbacks=, :_touch_callbacks?, :_update_callbacks, :_update_callbacks=, :_update_callbacks?, :_validate_callbacks, :_validate_callbacks=, :_validate_callbacks?, :_validation_callbacks, :_validation_callbacks=, :_validation_callbacks?, :_validators, :_validators=, :_validators?, :`, :acts_like?, :add_to_transaction, :arel_attributes_values, :as_json, :assign_attributes, :association, :association_cache, :attribute_for_inspect, :attribute_method?, :attribute_method_matchers, :attribute_method_matchers?, :attribute_missing, :attribute_names, :attribute_present?, :attribute_types_cached_by_default, :attributes, :attributes=, :attributes_before_type_cast, :auto_explain_threshold_in_seconds, :auto_explain_threshold_in_seconds?, :becomes, :blank?, :breakpoint, :cache_key, :capture, :category, :category=, :category?, :category_before_type_cast, :category_change, :category_changed?, :category_was, :category_will_change!, :changed, :changed?, :changed_attributes, :changed_for_autosave?, :changes, :class, :class_eval, :clear_aggregation_cache, :clear_association_cache, :clear_transaction_record_state, :clone, :clone_attribute_value, :clone_attributes, :column_for_attribute, :committed!, :configurations, :connection, :connection_handler, :connection_handler?, :created_at, :created_at=, :created_at?, :created_at_before_type_cast, :created_at_change, :created_at_changed?, :created_at_was, :created_at_will_change!, :debugger, :decrement, :decrement!, :default_scopes, :default_scopes?, :default_timezone, :define_singleton_method, :delete, :destroy, :destroyed?, :display, :dup, :duplicable?, :enable_warnings, :encode_with, :enum_for, :eql?, :equal?, :errors, :eval_js, :extend, :freeze, :from_json, :from_xml, :frozen?, :gem, :has_attribute?, :hash, :html_safe?, :id, :id=, :id?, :id_before_type_cast, :id_change, :id_changed?, :id_was, :id_will_change!, :in?, :include_root_in_json, :include_root_in_json=, :include_root_in_json?, :increment, :increment!, :init_with, :initialize_clone, :initialize_dup, :inspect, :instance_eval, :instance_exec, :instance_of?, :instance_values, :instance_variable_defined?, :instance_variable_get, :instance_variable_names, :instance_variable_set, :instance_variables, :invalid?, :is_a?, :kind_of?, :load, :load_dependency, :lock!, :lock_optimistically, :locking_enabled?, :logger, :mark_for_destruction, :marked_for_destruction?, :mass_assignment_authorizer, :mass_assignment_options, :mass_assignment_role, :method, :method_missing, :methods, :name, :name=, :name?, :name_before_type_cast, :name_change, :name_changed?, :name_was, :name_will_change!, :nested_attributes_options, :nested_attributes_options?, :new_record?, :nil?, :object_id, :partial_updates, :partial_updates=, :partial_updates?, :perform_validations, :persisted?, :pluralize_table_names, :pluralize_table_names?, :populate_with_current_scope_attributes, :presence, :present?, :previous_changes, :price, :price=, :price?, :price_before_type_cast, :price_change, :price_changed?, :price_was, :price_will_change!, :primary_key_prefix_type, :private_methods, :protected_methods, :psych_to_yaml, :psych_y, :public_method, :public_methods, :public_send, :query_attribute, :quietly, :quoted_id, :raw_write_attribute, :read_attribute, :read_attribute_before_type_cast, :read_attribute_for_serialization, :read_attribute_for_validation, :readonly!, :readonly?, :record_timestamps, :record_timestamps=, :record_timestamps?, :reflections, :reflections=, :reflections?, :reinit_with, :released_on, :released_on=, :released_on?, :released_on_before_type_cast, :released_on_change, :released_on_changed?, :released_on_was, :released_on_will_change!, :reload, :remember_transaction_record_state, :require, :require_association, :require_dependency, :require_or_load, :reset_category!, :reset_created_at!, :reset_id!, :reset_name!, :reset_price!, :reset_released_on!, :reset_updated_at!, :respond_to?, :respond_to_missing?, :respond_to_without_attributes?, :restore_transaction_record_state, :rollback_active_record_state!, :rolledback!, :run_callbacks, :run_validations!, :sanitize_for_mass_assignment, :save, :save!, :schema_format, :send, :serializable_hash, :serialized_attributes, :serialized_attributes=, :serialized_attributes?, :silence, :silence_stderr, :silence_stream, :silence_warnings, :singleton_class, :singleton_methods, :skip_time_zone_conversion_for_attributes, :skip_time_zone_conversion_for_attributes?, :store_full_sti_class, :store_full_sti_class=, :store_full_sti_class?, :suppress, :suppress_warnings, :table_name_prefix, :table_name_prefix?, :table_name_suffix, :table_name_suffix?, :taint, :tainted?, :tap, :time_zone_aware_attributes, :timestamped_migrations, :to_enum, :to_json, :to_key, :to_model, :to_param, :to_partial_path, :to_query, :to_s, :to_xml, :to_yaml, :to_yaml_properties, :toggle, :toggle!, :touch, :transaction, :transaction_include_action?, :transaction_record_state, :trust, :try, :type_cast_attribute_for_write, :unloadable, :untaint, :untrust, :untrusted?, :update_attribute, :update_attributes, :update_attributes!, :update_column, :updated_at, :updated_at=, :updated_at?, :updated_at_before_type_cast, :updated_at_change, :updated_at_changed?, :updated_at_was, :updated_at_will_change!, :valid?, :validates_acceptance_of, :validates_confirmation_of, :validates_exclusion_of, :validates_format_of, :validates_inclusion_of, :validates_length_of, :validates_numericality_of, :validates_presence_of, :validates_size_of, :validates_with, :validation_context, :validation_context=, :with_lock, :with_options, :with_transaction_returning_status, :with_warnings, :yaml_initialize]):
    1: <% raise @product.methods.sort.inspect %>
    2: <h1><%= @product.name %></h1>
    3: 
    4: <p>
  app/views/products/show.html.erb:1:in `_app_views_products_show_html_erb___319885454971710575_69940893561920'


  Rendered /home/cognizant/.rvm/gems/ruby-1.9.3-p125/gems/actionpack-3.2.3/lib/action_dispatch/middleware/templates/rescues/_trace.erb (84.6ms)
  Rendered /home/cognizant/.rvm/gems/ruby-1.9.3-p125/gems/actionpack-3.2.3/lib/action_dispatch/middleware/templates/rescues/_request_and_response.erb (2.1ms)
  Rendered /home/cognizant/.rvm/gems/ruby-1.9.3-p125/gems/actionpack-3.2.3/lib/action_dispatch/middleware/templates/rescues/template_error.erb within rescues/layout (107.1ms)


Started GET "/products/1" for 127.0.0.1 at 2012-11-09 21:56:02 +0530
Processing by ProductsController#show as HTML
  Parameters: {"id"=>"1"}
  [1m[35mProduct Load (0.2ms)[0m  SELECT "products".* FROM "products" WHERE "products"."id" = ? LIMIT 1  [["id", "1"]]
  Rendered products/show.html.erb within layouts/application (2.4ms)
Completed 500 Internal Server Error in 19ms

ActionView::Template::Error (Product(id: integer, name: string, price: decimal, released_on: date, category: string, created_at: datetime, updated_at: datetime)):
    1: <% raise @product.class.inspect %>
    2: <h1><%= @product.name %></h1>
    3: 
    4: <p>
  app/views/products/show.html.erb:1:in `_app_views_products_show_html_erb___319885454971710575_69941026785820'


  Rendered /home/cognizant/.rvm/gems/ruby-1.9.3-p125/gems/actionpack-3.2.3/lib/action_dispatch/middleware/templates/rescues/_trace.erb (6.7ms)
  Rendered /home/cognizant/.rvm/gems/ruby-1.9.3-p125/gems/actionpack-3.2.3/lib/action_dispatch/middleware/templates/rescues/_request_and_response.erb (1.9ms)
  Rendered /home/cognizant/.rvm/gems/ruby-1.9.3-p125/gems/actionpack-3.2.3/lib/action_dispatch/middleware/templates/rescues/template_error.erb within rescues/layout (20.7ms)


Started GET "/products/1" for 127.0.0.1 at 2012-11-09 21:56:13 +0530
Processing by ProductsController#show as HTML
  Parameters: {"id"=>"1"}
  [1m[36mProduct Load (0.3ms)[0m  [1mSELECT "products".* FROM "products" WHERE "products"."id" = ? LIMIT 1[0m  [["id", "1"]]
  Rendered products/show.html.erb within layouts/application (6.0ms)
Completed 500 Internal Server Error in 15ms

ActionView::Template::Error (Puzzle set):
    1: <% raise @product.name %>
    2: <h1><%= @product.name %></h1>
    3: 
    4: <p>
  app/views/products/show.html.erb:1:in `_app_views_products_show_html_erb___319885454971710575_69941030196020'


  Rendered /home/cognizant/.rvm/gems/ruby-1.9.3-p125/gems/actionpack-3.2.3/lib/action_dispatch/middleware/templates/rescues/_trace.erb (7.2ms)
  Rendered /home/cognizant/.rvm/gems/ruby-1.9.3-p125/gems/actionpack-3.2.3/lib/action_dispatch/middleware/templates/rescues/_request_and_response.erb (2.1ms)
  Rendered /home/cognizant/.rvm/gems/ruby-1.9.3-p125/gems/actionpack-3.2.3/lib/action_dispatch/middleware/templates/rescues/template_error.erb within rescues/layout (31.4ms)


Started GET "/products/1" for 127.0.0.1 at 2012-11-09 21:56:20 +0530
Processing by ProductsController#show as HTML
  Parameters: {"id"=>"1"}
  [1m[35mProduct Load (0.2ms)[0m  SELECT "products".* FROM "products" WHERE "products"."id" = ? LIMIT 1  [["id", "1"]]
  Rendered products/show.html.erb within layouts/application (2.9ms)
Completed 500 Internal Server Error in 10ms

ActionView::Template::Error (undefined method `name' for "Toys & Games":String):
    12: 
    13: <p>
    14:   <b>Category:</b>
    15:   <%= @product.category.name %>
    16: </p>
    17: 
    18: <%= link_to 'Back', products_path %>
  app/views/products/show.html.erb:15:in `_app_views_products_show_html_erb___319885454971710575_69941030830780'


  Rendered /home/cognizant/.rvm/gems/ruby-1.9.3-p125/gems/actionpack-3.2.3/lib/action_dispatch/middleware/templates/rescues/_trace.erb (12.5ms)
  Rendered /home/cognizant/.rvm/gems/ruby-1.9.3-p125/gems/actionpack-3.2.3/lib/action_dispatch/middleware/templates/rescues/_request_and_response.erb (2.1ms)
  Rendered /home/cognizant/.rvm/gems/ruby-1.9.3-p125/gems/actionpack-3.2.3/lib/action_dispatch/middleware/templates/rescues/template_error.erb within rescues/layout (33.2ms)


Started GET "/products/22" for 127.0.0.1 at 2012-11-09 21:56:27 +0530
Processing by ProductsController#show as HTML
  Parameters: {"id"=>"22"}
  [1m[36mProduct Load (0.3ms)[0m  [1mSELECT "products".* FROM "products" WHERE "products"."id" = ? LIMIT 1[0m  [["id", "22"]]
  Rendered products/show.html.erb within layouts/application (8.0ms)
Completed 500 Internal Server Error in 19ms

ActionView::Template::Error (undefined method `name' for "Toys & Games":String):
    12: 
    13: <p>
    14:   <b>Category:</b>
    15:   <%= @product.category.name %>
    16: </p>
    17: 
    18: <%= link_to 'Back', products_path %>
  app/views/products/show.html.erb:15:in `_app_views_products_show_html_erb___319885454971710575_69941030830780'


  Rendered /home/cognizant/.rvm/gems/ruby-1.9.3-p125/gems/actionpack-3.2.3/lib/action_dispatch/middleware/templates/rescues/_trace.erb (15.1ms)
  Rendered /home/cognizant/.rvm/gems/ruby-1.9.3-p125/gems/actionpack-3.2.3/lib/action_dispatch/middleware/templates/rescues/_request_and_response.erb (4.3ms)
  Rendered /home/cognizant/.rvm/gems/ruby-1.9.3-p125/gems/actionpack-3.2.3/lib/action_dispatch/middleware/templates/rescues/template_error.erb within rescues/layout (31.4ms)


Started GET "/products/22" for 127.0.0.1 at 2012-11-09 21:56:42 +0530
Processing by ProductsController#show as HTML
  Parameters: {"id"=>"22"}
  [1m[35mProduct Load (0.2ms)[0m  SELECT "products".* FROM "products" WHERE "products"."id" = ? LIMIT 1  [["id", "22"]]
  Rendered products/show.html.erb within layouts/application (2.2ms)
Completed 500 Internal Server Error in 11ms

ActionView::Template::Error (Box Kite):
    1: <% raise @product.name %>
    2: <h1><%= @product.name %></h1>
    3: 
    4: <p>
  app/views/products/show.html.erb:1:in `_app_views_products_show_html_erb___319885454971710575_69940894259560'


  Rendered /home/cognizant/.rvm/gems/ruby-1.9.3-p125/gems/actionpack-3.2.3/lib/action_dispatch/middleware/templates/rescues/_trace.erb (14.8ms)
  Rendered /home/cognizant/.rvm/gems/ruby-1.9.3-p125/gems/actionpack-3.2.3/lib/action_dispatch/middleware/templates/rescues/_request_and_response.erb (2.0ms)
  Rendered /home/cognizant/.rvm/gems/ruby-1.9.3-p125/gems/actionpack-3.2.3/lib/action_dispatch/middleware/templates/rescues/template_error.erb within rescues/layout (29.6ms)


Started GET "/products/22" for 127.0.0.1 at 2012-11-09 21:56:50 +0530
Processing by ProductsController#show as HTML
  Parameters: {"id"=>"22"}
  [1m[36mProduct Load (0.2ms)[0m  [1mSELECT "products".* FROM "products" WHERE "products"."id" = ? LIMIT 1[0m  [["id", "22"]]
  Rendered products/show.html.erb within layouts/application (3.0ms)
Completed 500 Internal Server Error in 9ms

ActionView::Template::Error (undefined method `name' for "Toys & Games":String):
    12: 
    13: <p>
    14:   <b>Category:</b>
    15:   <%= @product.category.name %>
    16: </p>
    17: 
    18: <%= link_to 'Back', products_path %>
  app/views/products/show.html.erb:15:in `_app_views_products_show_html_erb___319885454971710575_69940893220060'


  Rendered /home/cognizant/.rvm/gems/ruby-1.9.3-p125/gems/actionpack-3.2.3/lib/action_dispatch/middleware/templates/rescues/_trace.erb (6.8ms)
  Rendered /home/cognizant/.rvm/gems/ruby-1.9.3-p125/gems/actionpack-3.2.3/lib/action_dispatch/middleware/templates/rescues/_request_and_response.erb (2.3ms)
  Rendered /home/cognizant/.rvm/gems/ruby-1.9.3-p125/gems/actionpack-3.2.3/lib/action_dispatch/middleware/templates/rescues/template_error.erb within rescues/layout (20.6ms)


Started GET "/products/12" for 127.0.0.1 at 2012-11-09 21:57:22 +0530
Processing by ProductsController#show as HTML
  Parameters: {"id"=>"12"}
  [1m[35mProduct Load (0.3ms)[0m  SELECT "products".* FROM "products" WHERE "products"."id" = ? LIMIT 1  [["id", "12"]]
  Rendered products/show.html.erb within layouts/application (2.4ms)
Completed 500 Internal Server Error in 63ms

ActionView::Template::Error (undefined method `name' for "Furniture":String):
    12: 
    13: <p>
    14:   <b>Category:</b>
    15:   <%= @product.category.name %>
    16: </p>
    17: 
    18: <%= link_to 'Back', products_path %>
  app/views/products/show.html.erb:15:in `_app_views_products_show_html_erb___319885454971710575_69940893220060'


  Rendered /home/cognizant/.rvm/gems/ruby-1.9.3-p125/gems/actionpack-3.2.3/lib/action_dispatch/middleware/templates/rescues/_trace.erb (6.5ms)
  Rendered /home/cognizant/.rvm/gems/ruby-1.9.3-p125/gems/actionpack-3.2.3/lib/action_dispatch/middleware/templates/rescues/_request_and_response.erb (2.1ms)
  Rendered /home/cognizant/.rvm/gems/ruby-1.9.3-p125/gems/actionpack-3.2.3/lib/action_dispatch/middleware/templates/rescues/template_error.erb within rescues/layout (20.2ms)


Started GET "/products/12" for 127.0.0.1 at 2012-11-09 21:57:43 +0530
Processing by ProductsController#show as HTML
  Parameters: {"id"=>"12"}
  [1m[36mProduct Load (0.3ms)[0m  [1mSELECT "products".* FROM "products" WHERE "products"."id" = ? LIMIT 1[0m  [["id", "12"]]
  Rendered products/show.html.erb within layouts/application (2.4ms)
Completed 200 OK in 21ms (Views: 13.4ms | ActiveRecord: 0.3ms)


Started GET "/assets/application.css?body=1" for 127.0.0.1 at 2012-11-09 21:57:43 +0530
Served asset /application.css - 304 Not Modified (1ms)


Started GET "/assets/jquery.ui.theme.css?body=1" for 127.0.0.1 at 2012-11-09 21:57:43 +0530
Served asset /jquery.ui.theme.css - 304 Not Modified (3ms)


Started GET "/assets/jquery.ui.core.css?body=1" for 127.0.0.1 at 2012-11-09 21:57:43 +0530
Served asset /jquery.ui.core.css - 304 Not Modified (2ms)


Started GET "/assets/jquery.js?body=1" for 127.0.0.1 at 2012-11-09 21:57:43 +0530
Served asset /jquery.js - 304 Not Modified (5ms)


Started GET "/assets/products.css?body=1" for 127.0.0.1 at 2012-11-09 21:57:43 +0530
Served asset /products.css - 304 Not Modified (0ms)


Started GET "/assets/dataTables/src/demo_table_jui.css?body=1" for 127.0.0.1 at 2012-11-09 21:57:43 +0530
Served asset /dataTables/src/demo_table_jui.css - 304 Not Modified (0ms)


Started GET "/assets/layout.css?body=1" for 127.0.0.1 at 2012-11-09 21:57:43 +0530
Served asset /layout.css - 304 Not Modified (0ms)


Started GET "/assets/jquery_ujs.js?body=1" for 127.0.0.1 at 2012-11-09 21:57:43 +0530
Served asset /jquery_ujs.js - 304 Not Modified (0ms)


Started GET "/assets/dataTables/jquery.dataTables.js?body=1" for 127.0.0.1 at 2012-11-09 21:57:43 +0530
Served asset /dataTables/jquery.dataTables.js - 304 Not Modified (7ms)


Started GET "/assets/products.js?body=1" for 127.0.0.1 at 2012-11-09 21:57:43 +0530
Served asset /products.js - 304 Not Modified (0ms)


Started GET "/assets/application.js?body=1" for 127.0.0.1 at 2012-11-09 21:57:43 +0530
Served asset /application.js - 304 Not Modified (3ms)


Started GET "/products" for 127.0.0.1 at 2012-11-09 21:57:48 +0530
Processing by ProductsController#index as HTML
  Rendered products/index.html.erb within layouts/application (0.7ms)
Completed 200 OK in 12ms (Views: 11.7ms | ActiveRecord: 0.0ms)


Started GET "/assets/application.css?body=1" for 127.0.0.1 at 2012-11-09 21:57:49 +0530
Served asset /application.css - 304 Not Modified (1ms)


Started GET "/assets/dataTables/src/demo_table_jui.css?body=1" for 127.0.0.1 at 2012-11-09 21:57:49 +0530
Served asset /dataTables/src/demo_table_jui.css - 304 Not Modified (0ms)


Started GET "/assets/jquery.ui.theme.css?body=1" for 127.0.0.1 at 2012-11-09 21:57:49 +0530
Served asset /jquery.ui.theme.css - 304 Not Modified (3ms)


Started GET "/assets/jquery.ui.core.css?body=1" for 127.0.0.1 at 2012-11-09 21:57:49 +0530
Served asset /jquery.ui.core.css - 304 Not Modified (0ms)


Started GET "/assets/layout.css?body=1" for 127.0.0.1 at 2012-11-09 21:57:49 +0530
Served asset /layout.css - 304 Not Modified (0ms)


Started GET "/assets/jquery.js?body=1" for 127.0.0.1 at 2012-11-09 21:57:49 +0530
Served asset /jquery.js - 304 Not Modified (5ms)


Started GET "/assets/products.css?body=1" for 127.0.0.1 at 2012-11-09 21:57:49 +0530
Served asset /products.css - 304 Not Modified (0ms)


Started GET "/assets/dataTables/jquery.dataTables.js?body=1" for 127.0.0.1 at 2012-11-09 21:57:49 +0530
Served asset /dataTables/jquery.dataTables.js - 304 Not Modified (5ms)


Started GET "/assets/jquery_ujs.js?body=1" for 127.0.0.1 at 2012-11-09 21:57:49 +0530
Served asset /jquery_ujs.js - 304 Not Modified (0ms)


Started GET "/assets/products.js?body=1" for 127.0.0.1 at 2012-11-09 21:57:49 +0530
Served asset /products.js - 304 Not Modified (0ms)


Started GET "/assets/application.js?body=1" for 127.0.0.1 at 2012-11-09 21:57:49 +0530
Served asset /application.js - 304 Not Modified (8ms)


Started GET "/assets/jquery-ui/ui-bg_highlight-soft_75_cccccc_1x100.png" for 127.0.0.1 at 2012-11-09 21:57:50 +0530
Served asset /jquery-ui/ui-bg_highlight-soft_75_cccccc_1x100.png - 304 Not Modified (0ms)


Started GET "/assets/jquery-ui/ui-bg_glass_75_e6e6e6_1x400.png" for 127.0.0.1 at 2012-11-09 21:57:50 +0530
Served asset /jquery-ui/ui-bg_glass_75_e6e6e6_1x400.png - 304 Not Modified (0ms)


Started GET "/products.json?sEcho=1&iColumns=4&sColumns=&iDisplayStart=0&iDisplayLength=5&mDataProp_0=0&mDataProp_1=1&mDataProp_2=2&mDataProp_3=3&sSearch=&bRegex=false&sSearch_0=&bRegex_0=false&bSearchable_0=true&sSearch_1=&bRegex_1=false&bSearchable_1=true&sSearch_2=&bRegex_2=false&bSearchable_2=true&sSearch_3=&bRegex_3=false&bSearchable_3=true&iSortingCols=1&iSortCol_0=0&sSortDir_0=asc&bSortable_0=true&bSortable_1=true&bSortable_2=true&bSortable_3=true&_=1352478469971" for 127.0.0.1 at 2012-11-09 21:57:50 +0530
Processing by ProductsController#index as JSON
  Parameters: {"sEcho"=>"1", "iColumns"=>"4", "sColumns"=>"", "iDisplayStart"=>"0", "iDisplayLength"=>"5", "mDataProp_0"=>"0", "mDataProp_1"=>"1", "mDataProp_2"=>"2", "mDataProp_3"=>"3", "sSearch"=>"", "bRegex"=>"false", "sSearch_0"=>"", "bRegex_0"=>"false", "bSearchable_0"=>"true", "sSearch_1"=>"", "bRegex_1"=>"false", "bSearchable_1"=>"true", "sSearch_2"=>"", "bRegex_2"=>"false", "bSearchable_2"=>"true", "sSearch_3"=>"", "bRegex_3"=>"false", "bSearchable_3"=>"true", "iSortingCols"=>"1", "iSortCol_0"=>"0", "sSortDir_0"=>"asc", "bSortable_0"=>"true", "bSortable_1"=>"true", "bSortable_2"=>"true", "bSortable_3"=>"true", "_"=>"1352478469971"}
  [1m[35m (0.3ms)[0m  SELECT COUNT(*) FROM "products" 
  [1m[36mCACHE (0.0ms)[0m  [1mSELECT COUNT(*) FROM "products" [0m
  [1m[35mProduct Load (0.6ms)[0m  SELECT "products".* FROM "products" ORDER BY name asc LIMIT 5 OFFSET 0
Completed 200 OK in 17ms (Views: 15.7ms | ActiveRecord: 0.9ms)


Started GET "/assets/jquery-ui/ui-icons_888888_256x240.png" for 127.0.0.1 at 2012-11-09 21:57:50 +0530
Served asset /jquery-ui/ui-icons_888888_256x240.png - 304 Not Modified (0ms)


Started GET "/products/23" for 127.0.0.1 at 2012-11-09 21:57:52 +0530
Processing by ProductsController#show as HTML
  Parameters: {"id"=>"23"}
  [1m[36mProduct Load (0.2ms)[0m  [1mSELECT "products".* FROM "products" WHERE "products"."id" = ? LIMIT 1[0m  [["id", "23"]]
  Rendered products/show.html.erb within layouts/application (1.3ms)
Completed 200 OK in 16ms (Views: 13.7ms | ActiveRecord: 0.2ms)


Started GET "/assets/application.css?body=1" for 127.0.0.1 at 2012-11-09 21:57:52 +0530
Served asset /application.css - 304 Not Modified (1ms)


Started GET "/assets/jquery.ui.core.css?body=1" for 127.0.0.1 at 2012-11-09 21:57:52 +0530
Served asset /jquery.ui.core.css - 304 Not Modified (3ms)


Started GET "/assets/jquery.ui.theme.css?body=1" for 127.0.0.1 at 2012-11-09 21:57:52 +0530
Served asset /jquery.ui.theme.css - 304 Not Modified (62ms)


Started GET "/assets/dataTables/src/demo_table_jui.css?body=1" for 127.0.0.1 at 2012-11-09 21:57:52 +0530
Served asset /dataTables/src/demo_table_jui.css - 304 Not Modified (0ms)


Started GET "/assets/products.css?body=1" for 127.0.0.1 at 2012-11-09 21:57:52 +0530
Served asset /products.css - 304 Not Modified (0ms)


Started GET "/assets/layout.css?body=1" for 127.0.0.1 at 2012-11-09 21:57:52 +0530
Served asset /layout.css - 304 Not Modified (0ms)


Started GET "/assets/jquery_ujs.js?body=1" for 127.0.0.1 at 2012-11-09 21:57:52 +0530
Served asset /jquery_ujs.js - 304 Not Modified (11ms)


Started GET "/assets/jquery.js?body=1" for 127.0.0.1 at 2012-11-09 21:57:52 +0530
Served asset /jquery.js - 304 Not Modified (1ms)


Started GET "/assets/dataTables/jquery.dataTables.js?body=1" for 127.0.0.1 at 2012-11-09 21:57:52 +0530
Served asset /dataTables/jquery.dataTables.js - 304 Not Modified (1ms)


Started GET "/assets/application.js?body=1" for 127.0.0.1 at 2012-11-09 21:57:52 +0530
Served asset /application.js - 304 Not Modified (3ms)


Started GET "/assets/products.js?body=1" for 127.0.0.1 at 2012-11-09 21:57:52 +0530
Served asset /products.js - 304 Not Modified (0ms)


Started GET "/products" for 127.0.0.1 at 2012-11-09 21:57:54 +0530
Processing by ProductsController#index as HTML
  Rendered products/index.html.erb within layouts/application (1.5ms)
Completed 200 OK in 12ms (Views: 11.8ms | ActiveRecord: 0.0ms)


Started GET "/assets/application.css?body=1" for 127.0.0.1 at 2012-11-09 21:57:54 +0530
Served asset /application.css - 304 Not Modified (1ms)


Started GET "/assets/jquery.ui.core.css?body=1" for 127.0.0.1 at 2012-11-09 21:57:54 +0530
Served asset /jquery.ui.core.css - 304 Not Modified (0ms)


Started GET "/assets/products.css?body=1" for 127.0.0.1 at 2012-11-09 21:57:54 +0530
Served asset /products.css - 304 Not Modified (0ms)


Started GET "/assets/layout.css?body=1" for 127.0.0.1 at 2012-11-09 21:57:54 +0530
Served asset /layout.css - 304 Not Modified (3ms)


Started GET "/assets/dataTables/src/demo_table_jui.css?body=1" for 127.0.0.1 at 2012-11-09 21:57:54 +0530
Served asset /dataTables/src/demo_table_jui.css - 304 Not Modified (0ms)


Started GET "/assets/jquery.ui.theme.css?body=1" for 127.0.0.1 at 2012-11-09 21:57:54 +0530
Served asset /jquery.ui.theme.css - 304 Not Modified (0ms)


Started GET "/assets/jquery.js?body=1" for 127.0.0.1 at 2012-11-09 21:57:54 +0530
Served asset /jquery.js - 304 Not Modified (6ms)


Started GET "/assets/jquery_ujs.js?body=1" for 127.0.0.1 at 2012-11-09 21:57:54 +0530
Served asset /jquery_ujs.js - 304 Not Modified (0ms)


Started GET "/assets/products.js?body=1" for 127.0.0.1 at 2012-11-09 21:57:54 +0530
Served asset /products.js - 304 Not Modified (0ms)


Started GET "/assets/dataTables/jquery.dataTables.js?body=1" for 127.0.0.1 at 2012-11-09 21:57:54 +0530
Served asset /dataTables/jquery.dataTables.js - 304 Not Modified (2ms)


Started GET "/assets/application.js?body=1" for 127.0.0.1 at 2012-11-09 21:57:54 +0530
Served asset /application.js - 304 Not Modified (3ms)


Started GET "/assets/jquery-ui/ui-bg_highlight-soft_75_cccccc_1x100.png" for 127.0.0.1 at 2012-11-09 21:57:56 +0530
Served asset /jquery-ui/ui-bg_highlight-soft_75_cccccc_1x100.png - 304 Not Modified (0ms)


Started GET "/assets/jquery-ui/ui-bg_glass_75_e6e6e6_1x400.png" for 127.0.0.1 at 2012-11-09 21:57:56 +0530
Served asset /jquery-ui/ui-bg_glass_75_e6e6e6_1x400.png - 304 Not Modified (0ms)


Started GET "/products.json?sEcho=1&iColumns=4&sColumns=&iDisplayStart=0&iDisplayLength=5&mDataProp_0=0&mDataProp_1=1&mDataProp_2=2&mDataProp_3=3&sSearch=&bRegex=false&sSearch_0=&bRegex_0=false&bSearchable_0=true&sSearch_1=&bRegex_1=false&bSearchable_1=true&sSearch_2=&bRegex_2=false&bSearchable_2=true&sSearch_3=&bRegex_3=false&bSearchable_3=true&iSortingCols=1&iSortCol_0=0&sSortDir_0=asc&bSortable_0=true&bSortable_1=true&bSortable_2=true&bSortable_3=true&_=1352478475730" for 127.0.0.1 at 2012-11-09 21:57:56 +0530
Processing by ProductsController#index as JSON
  Parameters: {"sEcho"=>"1", "iColumns"=>"4", "sColumns"=>"", "iDisplayStart"=>"0", "iDisplayLength"=>"5", "mDataProp_0"=>"0", "mDataProp_1"=>"1", "mDataProp_2"=>"2", "mDataProp_3"=>"3", "sSearch"=>"", "bRegex"=>"false", "sSearch_0"=>"", "bRegex_0"=>"false", "bSearchable_0"=>"true", "sSearch_1"=>"", "bRegex_1"=>"false", "bSearchable_1"=>"true", "sSearch_2"=>"", "bRegex_2"=>"false", "bSearchable_2"=>"true", "sSearch_3"=>"", "bRegex_3"=>"false", "bSearchable_3"=>"true", "iSortingCols"=>"1", "iSortCol_0"=>"0", "sSortDir_0"=>"asc", "bSortable_0"=>"true", "bSortable_1"=>"true", "bSortable_2"=>"true", "bSortable_3"=>"true", "_"=>"1352478475730"}
  [1m[35m (0.3ms)[0m  SELECT COUNT(*) FROM "products" 
  [1m[36mCACHE (0.0ms)[0m  [1mSELECT COUNT(*) FROM "products" [0m
  [1m[35mProduct Load (3.3ms)[0m  SELECT "products".* FROM "products" ORDER BY name asc LIMIT 5 OFFSET 0
Completed 200 OK in 19ms (Views: 13.6ms | ActiveRecord: 3.6ms)


Started GET "/assets/jquery-ui/ui-icons_888888_256x240.png" for 127.0.0.1 at 2012-11-09 21:57:56 +0530
Served asset /jquery-ui/ui-icons_888888_256x240.png - 304 Not Modified (0ms)


Started GET "/products.json?sEcho=2&iColumns=4&sColumns=&iDisplayStart=20&iDisplayLength=5&mDataProp_0=0&mDataProp_1=1&mDataProp_2=2&mDataProp_3=3&sSearch=&bRegex=false&sSearch_0=&bRegex_0=false&bSearchable_0=true&sSearch_1=&bRegex_1=false&bSearchable_1=true&sSearch_2=&bRegex_2=false&bSearchable_2=true&sSearch_3=&bRegex_3=false&bSearchable_3=true&iSortingCols=1&iSortCol_0=0&sSortDir_0=asc&bSortable_0=true&bSortable_1=true&bSortable_2=true&bSortable_3=true&_=1352478477859" for 127.0.0.1 at 2012-11-09 21:57:57 +0530
Processing by ProductsController#index as JSON
  Parameters: {"sEcho"=>"2", "iColumns"=>"4", "sColumns"=>"", "iDisplayStart"=>"20", "iDisplayLength"=>"5", "mDataProp_0"=>"0", "mDataProp_1"=>"1", "mDataProp_2"=>"2", "mDataProp_3"=>"3", "sSearch"=>"", "bRegex"=>"false", "sSearch_0"=>"", "bRegex_0"=>"false", "bSearchable_0"=>"true", "sSearch_1"=>"", "bRegex_1"=>"false", "bSearchable_1"=>"true", "sSearch_2"=>"", "bRegex_2"=>"false", "bSearchable_2"=>"true", "sSearch_3"=>"", "bRegex_3"=>"false", "bSearchable_3"=>"true", "iSortingCols"=>"1", "iSortCol_0"=>"0", "sSortDir_0"=>"asc", "bSortable_0"=>"true", "bSortable_1"=>"true", "bSortable_2"=>"true", "bSortable_3"=>"true", "_"=>"1352478477859"}
  [1m[36m (0.2ms)[0m  [1mSELECT COUNT(*) FROM "products" [0m
  [1m[35mCACHE (0.0ms)[0m  SELECT COUNT(*) FROM "products" 
  [1m[36mProduct Load (0.6ms)[0m  [1mSELECT "products".* FROM "products" ORDER BY name asc LIMIT 5 OFFSET 20[0m
Completed 200 OK in 13ms (Views: 11.8ms | ActiveRecord: 0.9ms)


Started GET "/products/27" for 127.0.0.1 at 2012-11-09 21:58:04 +0530
Processing by ProductsController#show as HTML
  Parameters: {"id"=>"27"}
  [1m[35mProduct Load (0.2ms)[0m  SELECT "products".* FROM "products" WHERE "products"."id" = ? LIMIT 1  [["id", "27"]]
  Rendered products/show.html.erb within layouts/application (1.3ms)
Completed 200 OK in 26ms (Views: 23.6ms | ActiveRecord: 0.2ms)


Started GET "/assets/application.css?body=1" for 127.0.0.1 at 2012-11-09 21:58:04 +0530
Served asset /application.css - 304 Not Modified (1ms)


Started GET "/assets/jquery.ui.core.css?body=1" for 127.0.0.1 at 2012-11-09 21:58:04 +0530
Served asset /jquery.ui.core.css - 304 Not Modified (0ms)


Started GET "/assets/jquery.ui.theme.css?body=1" for 127.0.0.1 at 2012-11-09 21:58:04 +0530
Served asset /jquery.ui.theme.css - 304 Not Modified (7ms)


Started GET "/assets/layout.css?body=1" for 127.0.0.1 at 2012-11-09 21:58:04 +0530
Served asset /layout.css - 304 Not Modified (0ms)


Started GET "/assets/dataTables/src/demo_table_jui.css?body=1" for 127.0.0.1 at 2012-11-09 21:58:04 +0530
Served asset /dataTables/src/demo_table_jui.css - 304 Not Modified (0ms)


Started GET "/assets/products.css?body=1" for 127.0.0.1 at 2012-11-09 21:58:04 +0530
Served asset /products.css - 304 Not Modified (0ms)


Started GET "/assets/jquery.js?body=1" for 127.0.0.1 at 2012-11-09 21:58:04 +0530
Served asset /jquery.js - 304 Not Modified (1ms)


Started GET "/assets/dataTables/jquery.dataTables.js?body=1" for 127.0.0.1 at 2012-11-09 21:58:04 +0530
Served asset /dataTables/jquery.dataTables.js - 304 Not Modified (1ms)


Started GET "/assets/jquery_ujs.js?body=1" for 127.0.0.1 at 2012-11-09 21:58:04 +0530
Served asset /jquery_ujs.js - 304 Not Modified (0ms)


Started GET "/assets/application.js?body=1" for 127.0.0.1 at 2012-11-09 21:58:04 +0530
Served asset /application.js - 304 Not Modified (6ms)


Started GET "/assets/products.js?body=1" for 127.0.0.1 at 2012-11-09 21:58:04 +0530
Served asset /products.js - 304 Not Modified (0ms)


Started GET "/products" for 127.0.0.1 at 2012-11-09 21:58:08 +0530
Processing by ProductsController#index as HTML
  Rendered products/index.html.erb within layouts/application (0.7ms)
Completed 200 OK in 12ms (Views: 11.7ms | ActiveRecord: 0.0ms)


Started GET "/assets/application.css?body=1" for 127.0.0.1 at 2012-11-09 21:58:08 +0530
Served asset /application.css - 304 Not Modified (11ms)


Started GET "/assets/jquery.ui.theme.css?body=1" for 127.0.0.1 at 2012-11-09 21:58:08 +0530
Served asset /jquery.ui.theme.css - 304 Not Modified (11ms)


Started GET "/assets/products.css?body=1" for 127.0.0.1 at 2012-11-09 21:58:08 +0530
Served asset /products.css - 304 Not Modified (0ms)


Started GET "/assets/jquery.ui.core.css?body=1" for 127.0.0.1 at 2012-11-09 21:58:08 +0530
Served asset /jquery.ui.core.css - 304 Not Modified (0ms)


Started GET "/assets/layout.css?body=1" for 127.0.0.1 at 2012-11-09 21:58:08 +0530
Served asset /layout.css - 304 Not Modified (7ms)


Started GET "/assets/dataTables/src/demo_table_jui.css?body=1" for 127.0.0.1 at 2012-11-09 21:58:08 +0530
Served asset /dataTables/src/demo_table_jui.css - 304 Not Modified (0ms)


Started GET "/assets/jquery.js?body=1" for 127.0.0.1 at 2012-11-09 21:58:08 +0530
Served asset /jquery.js - 304 Not Modified (1ms)


Started GET "/assets/jquery_ujs.js?body=1" for 127.0.0.1 at 2012-11-09 21:58:08 +0530
Served asset /jquery_ujs.js - 304 Not Modified (0ms)


Started GET "/assets/dataTables/jquery.dataTables.js?body=1" for 127.0.0.1 at 2012-11-09 21:58:08 +0530
Served asset /dataTables/jquery.dataTables.js - 304 Not Modified (9ms)


Started GET "/assets/application.js?body=1" for 127.0.0.1 at 2012-11-09 21:58:08 +0530
Served asset /application.js - 304 Not Modified (5ms)


Started GET "/assets/products.js?body=1" for 127.0.0.1 at 2012-11-09 21:58:08 +0530
Served asset /products.js - 304 Not Modified (0ms)


Started GET "/assets/jquery-ui/ui-bg_highlight-soft_75_cccccc_1x100.png" for 127.0.0.1 at 2012-11-09 21:58:10 +0530
Served asset /jquery-ui/ui-bg_highlight-soft_75_cccccc_1x100.png - 304 Not Modified (0ms)


Started GET "/assets/jquery-ui/ui-bg_glass_75_e6e6e6_1x400.png" for 127.0.0.1 at 2012-11-09 21:58:10 +0530
Served asset /jquery-ui/ui-bg_glass_75_e6e6e6_1x400.png - 304 Not Modified (0ms)


Started GET "/products.json?sEcho=1&iColumns=4&sColumns=&iDisplayStart=0&iDisplayLength=5&mDataProp_0=0&mDataProp_1=1&mDataProp_2=2&mDataProp_3=3&sSearch=&bRegex=false&sSearch_0=&bRegex_0=false&bSearchable_0=true&sSearch_1=&bRegex_1=false&bSearchable_1=true&sSearch_2=&bRegex_2=false&bSearchable_2=true&sSearch_3=&bRegex_3=false&bSearchable_3=true&iSortingCols=1&iSortCol_0=0&sSortDir_0=asc&bSortable_0=true&bSortable_1=true&bSortable_2=true&bSortable_3=true&_=1352478489860" for 127.0.0.1 at 2012-11-09 21:58:10 +0530
Processing by ProductsController#index as JSON
  Parameters: {"sEcho"=>"1", "iColumns"=>"4", "sColumns"=>"", "iDisplayStart"=>"0", "iDisplayLength"=>"5", "mDataProp_0"=>"0", "mDataProp_1"=>"1", "mDataProp_2"=>"2", "mDataProp_3"=>"3", "sSearch"=>"", "bRegex"=>"false", "sSearch_0"=>"", "bRegex_0"=>"false", "bSearchable_0"=>"true", "sSearch_1"=>"", "bRegex_1"=>"false", "bSearchable_1"=>"true", "sSearch_2"=>"", "bRegex_2"=>"false", "bSearchable_2"=>"true", "sSearch_3"=>"", "bRegex_3"=>"false", "bSearchable_3"=>"true", "iSortingCols"=>"1", "iSortCol_0"=>"0", "sSortDir_0"=>"asc", "bSortable_0"=>"true", "bSortable_1"=>"true", "bSortable_2"=>"true", "bSortable_3"=>"true", "_"=>"1352478489860"}
  [1m[36m (0.3ms)[0m  [1mSELECT COUNT(*) FROM "products" [0m
  [1m[35mCACHE (0.0ms)[0m  SELECT COUNT(*) FROM "products" 
  [1m[36mProduct Load (0.6ms)[0m  [1mSELECT "products".* FROM "products" ORDER BY name asc LIMIT 5 OFFSET 0[0m
Completed 200 OK in 33ms (Views: 30.7ms | ActiveRecord: 0.8ms)


Started GET "/assets/jquery-ui/ui-icons_888888_256x240.png" for 127.0.0.1 at 2012-11-09 21:58:10 +0530
Served asset /jquery-ui/ui-icons_888888_256x240.png - 304 Not Modified (0ms)


Started GET "/products.json?sEcho=2&iColumns=4&sColumns=&iDisplayStart=0&iDisplayLength=5&mDataProp_0=0&mDataProp_1=1&mDataProp_2=2&mDataProp_3=3&sSearch=&bRegex=false&sSearch_0=&bRegex_0=false&bSearchable_0=true&sSearch_1=&bRegex_1=false&bSearchable_1=true&sSearch_2=&bRegex_2=false&bSearchable_2=true&sSearch_3=&bRegex_3=false&bSearchable_3=true&iSortingCols=1&iSortCol_0=1&sSortDir_0=asc&bSortable_0=true&bSortable_1=true&bSortable_2=true&bSortable_3=true&_=1352478730685" for 127.0.0.1 at 2012-11-09 22:02:10 +0530
Processing by ProductsController#index as JSON
  Parameters: {"sEcho"=>"2", "iColumns"=>"4", "sColumns"=>"", "iDisplayStart"=>"0", "iDisplayLength"=>"5", "mDataProp_0"=>"0", "mDataProp_1"=>"1", "mDataProp_2"=>"2", "mDataProp_3"=>"3", "sSearch"=>"", "bRegex"=>"false", "sSearch_0"=>"", "bRegex_0"=>"false", "bSearchable_0"=>"true", "sSearch_1"=>"", "bRegex_1"=>"false", "bSearchable_1"=>"true", "sSearch_2"=>"", "bRegex_2"=>"false", "bSearchable_2"=>"true", "sSearch_3"=>"", "bRegex_3"=>"false", "bSearchable_3"=>"true", "iSortingCols"=>"1", "iSortCol_0"=>"1", "sSortDir_0"=>"asc", "bSortable_0"=>"true", "bSortable_1"=>"true", "bSortable_2"=>"true", "bSortable_3"=>"true", "_"=>"1352478730685"}
  [1m[35m (0.3ms)[0m  SELECT COUNT(*) FROM "products" 
  [1m[36mCACHE (0.0ms)[0m  [1mSELECT COUNT(*) FROM "products" [0m
  [1m[35mProduct Load (0.7ms)[0m  SELECT "products".* FROM "products" ORDER BY category asc LIMIT 5 OFFSET 0
Completed 200 OK in 30ms (Views: 14.4ms | ActiveRecord: 1.0ms)


Started GET "/products.json?sEcho=3&iColumns=4&sColumns=&iDisplayStart=0&iDisplayLength=5&mDataProp_0=0&mDataProp_1=1&mDataProp_2=2&mDataProp_3=3&sSearch=&bRegex=false&sSearch_0=&bRegex_0=false&bSearchable_0=true&sSearch_1=&bRegex_1=false&bSearchable_1=true&sSearch_2=&bRegex_2=false&bSearchable_2=true&sSearch_3=&bRegex_3=false&bSearchable_3=true&iSortingCols=1&iSortCol_0=1&sSortDir_0=desc&bSortable_0=true&bSortable_1=true&bSortable_2=true&bSortable_3=true&_=1352478731694" for 127.0.0.1 at 2012-11-09 22:02:11 +0530
Processing by ProductsController#index as JSON
  Parameters: {"sEcho"=>"3", "iColumns"=>"4", "sColumns"=>"", "iDisplayStart"=>"0", "iDisplayLength"=>"5", "mDataProp_0"=>"0", "mDataProp_1"=>"1", "mDataProp_2"=>"2", "mDataProp_3"=>"3", "sSearch"=>"", "bRegex"=>"false", "sSearch_0"=>"", "bRegex_0"=>"false", "bSearchable_0"=>"true", "sSearch_1"=>"", "bRegex_1"=>"false", "bSearchable_1"=>"true", "sSearch_2"=>"", "bRegex_2"=>"false", "bSearchable_2"=>"true", "sSearch_3"=>"", "bRegex_3"=>"false", "bSearchable_3"=>"true", "iSortingCols"=>"1", "iSortCol_0"=>"1", "sSortDir_0"=>"desc", "bSortable_0"=>"true", "bSortable_1"=>"true", "bSortable_2"=>"true", "bSortable_3"=>"true", "_"=>"1352478731694"}
  [1m[36m (0.2ms)[0m  [1mSELECT COUNT(*) FROM "products" [0m
  [1m[35mCACHE (0.0ms)[0m  SELECT COUNT(*) FROM "products" 
  [1m[36mProduct Load (9.3ms)[0m  [1mSELECT "products".* FROM "products" ORDER BY category desc LIMIT 5 OFFSET 0[0m
Completed 200 OK in 30ms (Views: 19.9ms | ActiveRecord: 9.6ms)
